time="2020-12-24T22:44:46-08:00" level=info msg="MAIN>> ============= Starting Teradata Kernel =============="
time="2020-12-24T22:44:46-08:00" level=info msg="Build ID = 2.1.0-ec10132020"
time="2020-12-24T22:44:46-08:00" level=info msg="Docker Mode =  standalone"
time="2020-12-24T22:44:46-08:00" level=info msg="JupyterLab root directory = /Users/alex.hoang/Documents/GitHub/home/python"
time="2020-12-24T22:44:46-08:00" level=info msg="Teradata JupyterLab kernel config: /Users/alex.hoang/Library/Jupyter/runtime/kernel-6841ab65-d24c-489e-b04d-d7a6469d3f1a.json"
time="2020-12-24T22:44:46-08:00" level=info msg="DBViews =  ViewsVX"
time="2020-12-24T22:44:46-08:00" level=info msg="RunKernel, KERNEL ID [6841ab65-d24c-489e-b04d-d7a6469d3f1a]"
time="2020-12-24T22:44:46-08:00" level=info msg="==========================="
time="2020-12-24T22:44:46-08:00" level=info msg="[6841ab65-d24c-489e-b04d-d7a6469d3f1a] ACCESS_TOKEN length = 0"
time="2020-12-24T22:44:46-08:00" level=info msg="[6841ab65-d24c-489e-b04d-d7a6469d3f1a] SYSTEM_SERVICE_URL = ''"
time="2020-12-24T22:44:46-08:00" level=info msg="[6841ab65-d24c-489e-b04d-d7a6469d3f1a] AUDIT_SERVICE_URL = ''"
time="2020-12-24T22:44:46-08:00" level=info msg="[6841ab65-d24c-489e-b04d-d7a6469d3f1a] REFRESHER_SERVICE_HOST = ''"
time="2020-12-24T22:44:46-08:00" level=info msg="[6841ab65-d24c-489e-b04d-d7a6469d3f1a] REFRESHER_SERVICE_PORT = ''"
time="2020-12-24T22:44:46-08:00" level=info msg="==========================="
time="2020-12-24T22:44:48-08:00" level=info msg="MAIN>> ============= Starting Teradata Kernel =============="
time="2020-12-24T22:44:48-08:00" level=info msg="Build ID = 2.1.0-ec10132020"
time="2020-12-24T22:44:48-08:00" level=info msg="Docker Mode =  standalone"
time="2020-12-24T22:44:48-08:00" level=info msg="JupyterLab root directory = /Users/alex.hoang/Documents/GitHub/home/python"
time="2020-12-24T22:44:48-08:00" level=info msg="Teradata JupyterLab kernel config: /Users/alex.hoang/Library/Jupyter/runtime/kernel-71429c96-8513-4e16-990e-e872753684bb.json"
time="2020-12-24T22:44:48-08:00" level=info msg="DBViews =  ViewsVX"
time="2020-12-24T22:44:48-08:00" level=info msg="RunKernel, KERNEL ID [71429c96-8513-4e16-990e-e872753684bb]"
time="2020-12-24T22:44:48-08:00" level=info msg="==========================="
time="2020-12-24T22:44:48-08:00" level=info msg="[71429c96-8513-4e16-990e-e872753684bb] ACCESS_TOKEN length = 0"
time="2020-12-24T22:44:48-08:00" level=info msg="[71429c96-8513-4e16-990e-e872753684bb] SYSTEM_SERVICE_URL = ''"
time="2020-12-24T22:44:48-08:00" level=info msg="[71429c96-8513-4e16-990e-e872753684bb] AUDIT_SERVICE_URL = ''"
time="2020-12-24T22:44:48-08:00" level=info msg="[71429c96-8513-4e16-990e-e872753684bb] REFRESHER_SERVICE_HOST = ''"
time="2020-12-24T22:44:48-08:00" level=info msg="[71429c96-8513-4e16-990e-e872753684bb] REFRESHER_SERVICE_PORT = ''"
time="2020-12-24T22:44:48-08:00" level=info msg="==========================="
time="2020-12-26T19:19:21-08:00" level=info msg="MAIN>> ============= Starting Teradata Kernel =============="
time="2020-12-26T19:19:21-08:00" level=info msg="Build ID = 2.1.0-ec10132020"
time="2020-12-26T19:19:21-08:00" level=info msg="Docker Mode =  standalone"
time="2020-12-26T19:19:21-08:00" level=info msg="JupyterLab root directory = /Users/alex.hoang/Documents/GitHub/home/python"
time="2020-12-26T19:19:21-08:00" level=info msg="Teradata JupyterLab kernel config: /Users/alex.hoang/Library/Jupyter/runtime/kernel-3551c69b-db95-44a4-81e6-9cd834b038d1.json"
time="2020-12-26T19:19:21-08:00" level=info msg="DBViews =  ViewsVX"
time="2020-12-26T19:19:21-08:00" level=info msg="RunKernel, KERNEL ID [3551c69b-db95-44a4-81e6-9cd834b038d1]"
time="2020-12-26T19:19:21-08:00" level=info msg="==========================="
time="2020-12-26T19:19:21-08:00" level=info msg="[3551c69b-db95-44a4-81e6-9cd834b038d1] ACCESS_TOKEN length = 0"
time="2020-12-26T19:19:21-08:00" level=info msg="[3551c69b-db95-44a4-81e6-9cd834b038d1] SYSTEM_SERVICE_URL = ''"
time="2020-12-26T19:19:21-08:00" level=info msg="[3551c69b-db95-44a4-81e6-9cd834b038d1] AUDIT_SERVICE_URL = ''"
time="2020-12-26T19:19:21-08:00" level=info msg="[3551c69b-db95-44a4-81e6-9cd834b038d1] REFRESHER_SERVICE_HOST = ''"
time="2020-12-26T19:19:21-08:00" level=info msg="[3551c69b-db95-44a4-81e6-9cd834b038d1] REFRESHER_SERVICE_PORT = ''"
time="2020-12-26T19:19:21-08:00" level=info msg="==========================="
time="2020-12-26T19:19:21-08:00" level=info msg="MAIN>> ============= Starting Teradata Kernel =============="
time="2020-12-26T19:19:21-08:00" level=info msg="Build ID = 2.1.0-ec10132020"
time="2020-12-26T19:19:21-08:00" level=info msg="Docker Mode =  standalone"
time="2020-12-26T19:19:21-08:00" level=info msg="JupyterLab root directory = /Users/alex.hoang/Documents/GitHub/home/python"
time="2020-12-26T19:19:21-08:00" level=info msg="Teradata JupyterLab kernel config: /Users/alex.hoang/Library/Jupyter/runtime/kernel-cf3de017-4401-4a40-b3fb-1b60db16e9bb.json"
time="2020-12-26T19:19:21-08:00" level=info msg="DBViews =  ViewsVX"
time="2020-12-26T19:19:21-08:00" level=info msg="RunKernel, KERNEL ID [cf3de017-4401-4a40-b3fb-1b60db16e9bb]"
time="2020-12-26T19:19:21-08:00" level=info msg="==========================="
time="2020-12-26T19:19:21-08:00" level=info msg="[cf3de017-4401-4a40-b3fb-1b60db16e9bb] ACCESS_TOKEN length = 0"
time="2020-12-26T19:19:21-08:00" level=info msg="[cf3de017-4401-4a40-b3fb-1b60db16e9bb] SYSTEM_SERVICE_URL = ''"
time="2020-12-26T19:19:21-08:00" level=info msg="[cf3de017-4401-4a40-b3fb-1b60db16e9bb] AUDIT_SERVICE_URL = ''"
time="2020-12-26T19:19:21-08:00" level=info msg="[cf3de017-4401-4a40-b3fb-1b60db16e9bb] REFRESHER_SERVICE_HOST = ''"
time="2020-12-26T19:19:21-08:00" level=info msg="[cf3de017-4401-4a40-b3fb-1b60db16e9bb] REFRESHER_SERVICE_PORT = ''"
time="2020-12-26T19:19:21-08:00" level=info msg="==========================="
time="2020-12-26T19:20:16-08:00" level=info msg="[3551c69b-db95-44a4-81e6-9cd834b038d1] Shutting down"
time="2020-12-26T19:20:16-08:00" level=info msg="[cf3de017-4401-4a40-b3fb-1b60db16e9bb] Shutting down"
time="2020-12-28T20:09:06-08:00" level=info msg="MAIN>> ============= Starting Teradata Kernel =============="
time="2020-12-28T20:09:06-08:00" level=info msg="Build ID = 2.1.0-ec10132020"
time="2020-12-28T20:09:06-08:00" level=info msg="Docker Mode =  standalone"
time="2020-12-28T20:09:06-08:00" level=info msg="JupyterLab root directory = /Users/alex.hoang/Documents/GitHub/home/python"
time="2020-12-28T20:09:06-08:00" level=info msg="Teradata JupyterLab kernel config: /Users/alex.hoang/Library/Jupyter/runtime/kernel-ce01faaa-6e3c-48a3-a081-84355a073d0d.json"
time="2020-12-28T20:09:06-08:00" level=info msg="DBViews =  ViewsVX"
time="2020-12-28T20:09:06-08:00" level=info msg="RunKernel, KERNEL ID [ce01faaa-6e3c-48a3-a081-84355a073d0d]"
time="2020-12-28T20:09:06-08:00" level=info msg="==========================="
time="2020-12-28T20:09:06-08:00" level=info msg="[ce01faaa-6e3c-48a3-a081-84355a073d0d] ACCESS_TOKEN length = 0"
time="2020-12-28T20:09:06-08:00" level=info msg="[ce01faaa-6e3c-48a3-a081-84355a073d0d] SYSTEM_SERVICE_URL = ''"
time="2020-12-28T20:09:06-08:00" level=info msg="[ce01faaa-6e3c-48a3-a081-84355a073d0d] AUDIT_SERVICE_URL = ''"
time="2020-12-28T20:09:06-08:00" level=info msg="[ce01faaa-6e3c-48a3-a081-84355a073d0d] REFRESHER_SERVICE_HOST = ''"
time="2020-12-28T20:09:06-08:00" level=info msg="[ce01faaa-6e3c-48a3-a081-84355a073d0d] REFRESHER_SERVICE_PORT = ''"
time="2020-12-28T20:09:06-08:00" level=info msg="==========================="
time="2020-12-28T20:09:07-08:00" level=info msg="MAIN>> ============= Starting Teradata Kernel =============="
time="2020-12-28T20:09:07-08:00" level=info msg="Build ID = 2.1.0-ec10132020"
time="2020-12-28T20:09:07-08:00" level=info msg="Docker Mode =  standalone"
time="2020-12-28T20:09:07-08:00" level=info msg="JupyterLab root directory = /Users/alex.hoang/Documents/GitHub/home/python"
time="2020-12-28T20:09:07-08:00" level=info msg="Teradata JupyterLab kernel config: /Users/alex.hoang/Library/Jupyter/runtime/kernel-6c149284-924a-4bcb-9332-c96f79a5b5e8.json"
time="2020-12-28T20:09:07-08:00" level=info msg="DBViews =  ViewsVX"
time="2020-12-28T20:09:07-08:00" level=info msg="RunKernel, KERNEL ID [6c149284-924a-4bcb-9332-c96f79a5b5e8]"
time="2020-12-28T20:09:07-08:00" level=info msg="==========================="
time="2020-12-28T20:09:07-08:00" level=info msg="[6c149284-924a-4bcb-9332-c96f79a5b5e8] ACCESS_TOKEN length = 0"
time="2020-12-28T20:09:07-08:00" level=info msg="[6c149284-924a-4bcb-9332-c96f79a5b5e8] SYSTEM_SERVICE_URL = ''"
time="2020-12-28T20:09:07-08:00" level=info msg="[6c149284-924a-4bcb-9332-c96f79a5b5e8] AUDIT_SERVICE_URL = ''"
time="2020-12-28T20:09:07-08:00" level=info msg="[6c149284-924a-4bcb-9332-c96f79a5b5e8] REFRESHER_SERVICE_HOST = ''"
time="2020-12-28T20:09:07-08:00" level=info msg="[6c149284-924a-4bcb-9332-c96f79a5b5e8] REFRESHER_SERVICE_PORT = ''"
time="2020-12-28T20:09:07-08:00" level=info msg="==========================="
time="2020-12-29T23:43:43-08:00" level=info msg="MAIN>> ============= Starting Teradata Kernel =============="
time="2020-12-29T23:43:43-08:00" level=info msg="Build ID = 2.1.0-ec10132020"
time="2020-12-29T23:43:43-08:00" level=info msg="Docker Mode =  standalone"
time="2020-12-29T23:43:43-08:00" level=info msg="JupyterLab root directory = /Users/alex.hoang/Documents/GitHub/home/python"
time="2020-12-29T23:43:43-08:00" level=info msg="Teradata JupyterLab kernel config: /Users/alex.hoang/Library/Jupyter/runtime/kernel-a7c50bda-55ba-438b-97f6-c1ead6cc5ce2.json"
time="2020-12-29T23:43:43-08:00" level=info msg="DBViews =  ViewsVX"
time="2020-12-29T23:43:43-08:00" level=info msg="RunKernel, KERNEL ID [a7c50bda-55ba-438b-97f6-c1ead6cc5ce2]"
time="2020-12-29T23:43:43-08:00" level=info msg="==========================="
time="2020-12-29T23:43:43-08:00" level=info msg="[a7c50bda-55ba-438b-97f6-c1ead6cc5ce2] ACCESS_TOKEN length = 0"
time="2020-12-29T23:43:43-08:00" level=info msg="[a7c50bda-55ba-438b-97f6-c1ead6cc5ce2] SYSTEM_SERVICE_URL = ''"
time="2020-12-29T23:43:43-08:00" level=info msg="[a7c50bda-55ba-438b-97f6-c1ead6cc5ce2] AUDIT_SERVICE_URL = ''"
time="2020-12-29T23:43:43-08:00" level=info msg="[a7c50bda-55ba-438b-97f6-c1ead6cc5ce2] REFRESHER_SERVICE_HOST = ''"
time="2020-12-29T23:43:43-08:00" level=info msg="[a7c50bda-55ba-438b-97f6-c1ead6cc5ce2] REFRESHER_SERVICE_PORT = ''"
time="2020-12-29T23:43:43-08:00" level=info msg="==========================="
time="2020-12-29T23:43:44-08:00" level=info msg="MAIN>> ============= Starting Teradata Kernel =============="
time="2020-12-29T23:43:44-08:00" level=info msg="Build ID = 2.1.0-ec10132020"
time="2020-12-29T23:43:44-08:00" level=info msg="Docker Mode =  standalone"
time="2020-12-29T23:43:44-08:00" level=info msg="JupyterLab root directory = /Users/alex.hoang/Documents/GitHub/home/python"
time="2020-12-29T23:43:44-08:00" level=info msg="Teradata JupyterLab kernel config: /Users/alex.hoang/Library/Jupyter/runtime/kernel-b0371200-cd5c-42bc-9232-d4b7b4b8bb72.json"
time="2020-12-29T23:43:44-08:00" level=info msg="DBViews =  ViewsVX"
time="2020-12-29T23:43:44-08:00" level=info msg="RunKernel, KERNEL ID [b0371200-cd5c-42bc-9232-d4b7b4b8bb72]"
time="2020-12-29T23:43:44-08:00" level=info msg="==========================="
time="2020-12-29T23:43:44-08:00" level=info msg="[b0371200-cd5c-42bc-9232-d4b7b4b8bb72] ACCESS_TOKEN length = 0"
time="2020-12-29T23:43:44-08:00" level=info msg="[b0371200-cd5c-42bc-9232-d4b7b4b8bb72] SYSTEM_SERVICE_URL = ''"
time="2020-12-29T23:43:44-08:00" level=info msg="[b0371200-cd5c-42bc-9232-d4b7b4b8bb72] AUDIT_SERVICE_URL = ''"
time="2020-12-29T23:43:44-08:00" level=info msg="[b0371200-cd5c-42bc-9232-d4b7b4b8bb72] REFRESHER_SERVICE_HOST = ''"
time="2020-12-29T23:43:44-08:00" level=info msg="[b0371200-cd5c-42bc-9232-d4b7b4b8bb72] REFRESHER_SERVICE_PORT = ''"
time="2020-12-29T23:43:44-08:00" level=info msg="==========================="
time="2021-01-05T15:11:06-08:00" level=info msg="MAIN>> ============= Starting Teradata Kernel =============="
time="2021-01-05T15:11:06-08:00" level=info msg="Build ID = 2.1.0-ec10132020"
time="2021-01-05T15:11:06-08:00" level=info msg="Docker Mode =  standalone"
time="2021-01-05T15:11:06-08:00" level=info msg="JupyterLab root directory = /Users/alex.hoang/Documents/GitHub/home/python"
time="2021-01-05T15:11:06-08:00" level=info msg="Teradata JupyterLab kernel config: /Users/alex.hoang/Library/Jupyter/runtime/kernel-5876e262-7138-40ef-b5cd-25b149a9aab0.json"
time="2021-01-05T15:11:06-08:00" level=info msg="DBViews =  ViewsVX"
time="2021-01-05T15:11:06-08:00" level=info msg="RunKernel, KERNEL ID [5876e262-7138-40ef-b5cd-25b149a9aab0]"
time="2021-01-05T15:11:06-08:00" level=info msg="==========================="
time="2021-01-05T15:11:06-08:00" level=info msg="[5876e262-7138-40ef-b5cd-25b149a9aab0] ACCESS_TOKEN length = 0"
time="2021-01-05T15:11:06-08:00" level=info msg="[5876e262-7138-40ef-b5cd-25b149a9aab0] SYSTEM_SERVICE_URL = ''"
time="2021-01-05T15:11:06-08:00" level=info msg="[5876e262-7138-40ef-b5cd-25b149a9aab0] AUDIT_SERVICE_URL = ''"
time="2021-01-05T15:11:06-08:00" level=info msg="[5876e262-7138-40ef-b5cd-25b149a9aab0] REFRESHER_SERVICE_HOST = ''"
time="2021-01-05T15:11:06-08:00" level=info msg="[5876e262-7138-40ef-b5cd-25b149a9aab0] REFRESHER_SERVICE_PORT = ''"
time="2021-01-05T15:11:06-08:00" level=info msg="==========================="
time="2021-01-05T15:11:07-08:00" level=info msg="MAIN>> ============= Starting Teradata Kernel =============="
time="2021-01-05T15:11:07-08:00" level=info msg="Build ID = 2.1.0-ec10132020"
time="2021-01-05T15:11:07-08:00" level=info msg="Docker Mode =  standalone"
time="2021-01-05T15:11:07-08:00" level=info msg="JupyterLab root directory = /Users/alex.hoang/Documents/GitHub/home/python"
time="2021-01-05T15:11:07-08:00" level=info msg="Teradata JupyterLab kernel config: /Users/alex.hoang/Library/Jupyter/runtime/kernel-1331789b-980a-471d-9db4-91a89616014b.json"
time="2021-01-05T15:11:07-08:00" level=info msg="DBViews =  ViewsVX"
time="2021-01-05T15:11:07-08:00" level=info msg="RunKernel, KERNEL ID [1331789b-980a-471d-9db4-91a89616014b]"
time="2021-01-05T15:11:07-08:00" level=info msg="==========================="
time="2021-01-05T15:11:07-08:00" level=info msg="[1331789b-980a-471d-9db4-91a89616014b] ACCESS_TOKEN length = 0"
time="2021-01-05T15:11:07-08:00" level=info msg="[1331789b-980a-471d-9db4-91a89616014b] SYSTEM_SERVICE_URL = ''"
time="2021-01-05T15:11:07-08:00" level=info msg="[1331789b-980a-471d-9db4-91a89616014b] AUDIT_SERVICE_URL = ''"
time="2021-01-05T15:11:07-08:00" level=info msg="[1331789b-980a-471d-9db4-91a89616014b] REFRESHER_SERVICE_HOST = ''"
time="2021-01-05T15:11:07-08:00" level=info msg="[1331789b-980a-471d-9db4-91a89616014b] REFRESHER_SERVICE_PORT = ''"
time="2021-01-05T15:11:07-08:00" level=info msg="==========================="
time="2021-01-05T16:31:26-08:00" level=info msg="[5876e262-7138-40ef-b5cd-25b149a9aab0] Shutting down"
time="2021-01-05T16:31:26-08:00" level=info msg="[1331789b-980a-471d-9db4-91a89616014b] Shutting down"
time="2021-01-05T16:31:27-08:00" level=info msg="MAIN>> ============= Starting Teradata Kernel =============="
time="2021-01-05T16:31:27-08:00" level=info msg="Build ID = 2.1.0-ec10132020"
time="2021-01-05T16:31:27-08:00" level=info msg="Docker Mode =  standalone"
time="2021-01-05T16:31:27-08:00" level=info msg="JupyterLab root directory = "
time="2021-01-05T16:31:27-08:00" level=info msg="Teradata JupyterLab kernel config: /Users/alex.hoang/Library/Jupyter/runtime/kernel-5876e262-7138-40ef-b5cd-25b149a9aab0.json"
time="2021-01-05T16:31:27-08:00" level=info msg="DBViews =  ViewsVX"
time="2021-01-05T16:31:27-08:00" level=info msg="RunKernel, KERNEL ID [5876e262-7138-40ef-b5cd-25b149a9aab0]"
time="2021-01-05T16:31:27-08:00" level=info msg="==========================="
time="2021-01-05T16:31:27-08:00" level=info msg="[5876e262-7138-40ef-b5cd-25b149a9aab0] ACCESS_TOKEN length = 0"
time="2021-01-05T16:31:27-08:00" level=info msg="[5876e262-7138-40ef-b5cd-25b149a9aab0] SYSTEM_SERVICE_URL = ''"
time="2021-01-05T16:31:27-08:00" level=info msg="[5876e262-7138-40ef-b5cd-25b149a9aab0] AUDIT_SERVICE_URL = ''"
time="2021-01-05T16:31:27-08:00" level=info msg="[5876e262-7138-40ef-b5cd-25b149a9aab0] REFRESHER_SERVICE_HOST = ''"
time="2021-01-05T16:31:27-08:00" level=info msg="[5876e262-7138-40ef-b5cd-25b149a9aab0] REFRESHER_SERVICE_PORT = ''"
time="2021-01-05T16:31:27-08:00" level=info msg="==========================="
time="2021-01-11T23:44:57-08:00" level=info msg="MAIN>> ============= Starting Teradata Kernel =============="
time="2021-01-11T23:44:57-08:00" level=info msg="Build ID = 2.1.0-ec10132020"
time="2021-01-11T23:44:57-08:00" level=info msg="Docker Mode =  standalone"
time="2021-01-11T23:44:57-08:00" level=info msg="JupyterLab root directory = /Users/alex.hoang/Documents/GitHub/home/python"
time="2021-01-11T23:44:57-08:00" level=info msg="Teradata JupyterLab kernel config: /Users/alex.hoang/Library/Jupyter/runtime/kernel-4fcdef30-923b-4dbd-ab25-a0b79d7d03af.json"
time="2021-01-11T23:44:57-08:00" level=info msg="MAIN>> ============= Starting Teradata Kernel =============="
time="2021-01-11T23:44:57-08:00" level=info msg="Build ID = 2.1.0-ec10132020"
time="2021-01-11T23:44:57-08:00" level=info msg="Docker Mode =  standalone"
time="2021-01-11T23:44:57-08:00" level=info msg="JupyterLab root directory = /Users/alex.hoang/Documents/GitHub/home/python"
time="2021-01-11T23:44:57-08:00" level=info msg="Teradata JupyterLab kernel config: /Users/alex.hoang/Library/Jupyter/runtime/kernel-cc29aa37-8ec5-4450-aeee-063cf5d1b9ea.json"
time="2021-01-11T23:44:57-08:00" level=info msg="DBViews =  ViewsVX"
time="2021-01-11T23:44:57-08:00" level=info msg="RunKernel, KERNEL ID [cc29aa37-8ec5-4450-aeee-063cf5d1b9ea]"
time="2021-01-11T23:44:57-08:00" level=info msg="DBViews =  ViewsVX"
time="2021-01-11T23:44:57-08:00" level=info msg="==========================="
time="2021-01-11T23:44:57-08:00" level=info msg="RunKernel, KERNEL ID [4fcdef30-923b-4dbd-ab25-a0b79d7d03af]"
time="2021-01-11T23:44:57-08:00" level=info msg="[cc29aa37-8ec5-4450-aeee-063cf5d1b9ea] ACCESS_TOKEN length = 0"
time="2021-01-11T23:44:57-08:00" level=info msg="==========================="
time="2021-01-11T23:44:57-08:00" level=info msg="[cc29aa37-8ec5-4450-aeee-063cf5d1b9ea] SYSTEM_SERVICE_URL = ''"
time="2021-01-11T23:44:57-08:00" level=info msg="[4fcdef30-923b-4dbd-ab25-a0b79d7d03af] ACCESS_TOKEN length = 0"
time="2021-01-11T23:44:57-08:00" level=info msg="[cc29aa37-8ec5-4450-aeee-063cf5d1b9ea] AUDIT_SERVICE_URL = ''"
time="2021-01-11T23:44:57-08:00" level=info msg="[4fcdef30-923b-4dbd-ab25-a0b79d7d03af] SYSTEM_SERVICE_URL = ''"
time="2021-01-11T23:44:57-08:00" level=info msg="[cc29aa37-8ec5-4450-aeee-063cf5d1b9ea] REFRESHER_SERVICE_HOST = ''"
time="2021-01-11T23:44:57-08:00" level=info msg="[4fcdef30-923b-4dbd-ab25-a0b79d7d03af] AUDIT_SERVICE_URL = ''"
time="2021-01-11T23:44:57-08:00" level=info msg="[cc29aa37-8ec5-4450-aeee-063cf5d1b9ea] REFRESHER_SERVICE_PORT = ''"
time="2021-01-11T23:44:57-08:00" level=info msg="[4fcdef30-923b-4dbd-ab25-a0b79d7d03af] REFRESHER_SERVICE_HOST = ''"
time="2021-01-11T23:44:57-08:00" level=info msg="==========================="
time="2021-01-11T23:44:57-08:00" level=info msg="[4fcdef30-923b-4dbd-ab25-a0b79d7d03af] REFRESHER_SERVICE_PORT = ''"
time="2021-01-11T23:44:57-08:00" level=info msg="==========================="
time="2021-01-12T11:08:31-08:00" level=info msg="MAIN>> ============= Starting Teradata Kernel =============="
time="2021-01-12T11:08:31-08:00" level=info msg="Build ID = 2.1.0-ec10132020"
time="2021-01-12T11:08:31-08:00" level=info msg="Docker Mode =  standalone"
time="2021-01-12T11:08:31-08:00" level=info msg="JupyterLab root directory = /Users/alex.hoang/Documents/GitHub/home/python"
time="2021-01-12T11:08:31-08:00" level=info msg="Teradata JupyterLab kernel config: /Users/alex.hoang/Library/Jupyter/runtime/kernel-0658831b-99d0-4c89-84d0-da261a0c74dd.json"
time="2021-01-12T11:08:31-08:00" level=info msg="DBViews =  ViewsVX"
time="2021-01-12T11:08:31-08:00" level=info msg="RunKernel, KERNEL ID [0658831b-99d0-4c89-84d0-da261a0c74dd]"
time="2021-01-12T11:08:31-08:00" level=info msg="==========================="
time="2021-01-12T11:08:31-08:00" level=info msg="[0658831b-99d0-4c89-84d0-da261a0c74dd] ACCESS_TOKEN length = 0"
time="2021-01-12T11:08:31-08:00" level=info msg="[0658831b-99d0-4c89-84d0-da261a0c74dd] SYSTEM_SERVICE_URL = ''"
time="2021-01-12T11:08:31-08:00" level=info msg="[0658831b-99d0-4c89-84d0-da261a0c74dd] AUDIT_SERVICE_URL = ''"
time="2021-01-12T11:08:31-08:00" level=info msg="[0658831b-99d0-4c89-84d0-da261a0c74dd] REFRESHER_SERVICE_HOST = ''"
time="2021-01-12T11:08:31-08:00" level=info msg="[0658831b-99d0-4c89-84d0-da261a0c74dd] REFRESHER_SERVICE_PORT = ''"
time="2021-01-12T11:08:31-08:00" level=info msg="==========================="
time="2021-01-12T11:08:32-08:00" level=info msg="MAIN>> ============= Starting Teradata Kernel =============="
time="2021-01-12T11:08:32-08:00" level=info msg="Build ID = 2.1.0-ec10132020"
time="2021-01-12T11:08:32-08:00" level=info msg="Docker Mode =  standalone"
time="2021-01-12T11:08:32-08:00" level=info msg="JupyterLab root directory = /Users/alex.hoang/Documents/GitHub/home/python"
time="2021-01-12T11:08:32-08:00" level=info msg="Teradata JupyterLab kernel config: /Users/alex.hoang/Library/Jupyter/runtime/kernel-833bc5a9-515d-4a41-8488-04562835d2b0.json"
time="2021-01-12T11:08:32-08:00" level=info msg="DBViews =  ViewsVX"
time="2021-01-12T11:08:32-08:00" level=info msg="RunKernel, KERNEL ID [833bc5a9-515d-4a41-8488-04562835d2b0]"
time="2021-01-12T11:08:32-08:00" level=info msg="==========================="
time="2021-01-12T11:08:32-08:00" level=info msg="[833bc5a9-515d-4a41-8488-04562835d2b0] ACCESS_TOKEN length = 0"
time="2021-01-12T11:08:32-08:00" level=info msg="[833bc5a9-515d-4a41-8488-04562835d2b0] SYSTEM_SERVICE_URL = ''"
time="2021-01-12T11:08:32-08:00" level=info msg="[833bc5a9-515d-4a41-8488-04562835d2b0] AUDIT_SERVICE_URL = ''"
time="2021-01-12T11:08:32-08:00" level=info msg="[833bc5a9-515d-4a41-8488-04562835d2b0] REFRESHER_SERVICE_HOST = ''"
time="2021-01-12T11:08:32-08:00" level=info msg="[833bc5a9-515d-4a41-8488-04562835d2b0] REFRESHER_SERVICE_PORT = ''"
time="2021-01-12T11:08:32-08:00" level=info msg="==========================="
time="2021-01-12T12:30:05-08:00" level=info msg="MAIN>> ============= Starting Teradata Kernel =============="
time="2021-01-12T12:30:05-08:00" level=info msg="Build ID = 2.1.0-ec10132020"
time="2021-01-12T12:30:05-08:00" level=info msg="Docker Mode =  standalone"
time="2021-01-12T12:30:05-08:00" level=info msg="JupyterLab root directory = /Users/alex.hoang/Documents/GitHub/home/python"
time="2021-01-12T12:30:05-08:00" level=info msg="Teradata JupyterLab kernel config: /Users/alex.hoang/Library/Jupyter/runtime/kernel-284e0a6e-8122-4184-987d-0900e13a8230.json"
time="2021-01-12T12:30:05-08:00" level=info msg="DBViews =  ViewsVX"
time="2021-01-12T12:30:05-08:00" level=info msg="RunKernel, KERNEL ID [284e0a6e-8122-4184-987d-0900e13a8230]"
time="2021-01-12T12:30:05-08:00" level=info msg="==========================="
time="2021-01-12T12:30:05-08:00" level=info msg="[284e0a6e-8122-4184-987d-0900e13a8230] ACCESS_TOKEN length = 0"
time="2021-01-12T12:30:05-08:00" level=info msg="[284e0a6e-8122-4184-987d-0900e13a8230] SYSTEM_SERVICE_URL = ''"
time="2021-01-12T12:30:05-08:00" level=info msg="[284e0a6e-8122-4184-987d-0900e13a8230] AUDIT_SERVICE_URL = ''"
time="2021-01-12T12:30:05-08:00" level=info msg="[284e0a6e-8122-4184-987d-0900e13a8230] REFRESHER_SERVICE_HOST = ''"
time="2021-01-12T12:30:05-08:00" level=info msg="[284e0a6e-8122-4184-987d-0900e13a8230] REFRESHER_SERVICE_PORT = ''"
time="2021-01-12T12:30:05-08:00" level=info msg="==========================="
time="2021-01-12T12:30:06-08:00" level=info msg="MAIN>> ============= Starting Teradata Kernel =============="
time="2021-01-12T12:30:06-08:00" level=info msg="Build ID = 2.1.0-ec10132020"
time="2021-01-12T12:30:06-08:00" level=info msg="Docker Mode =  standalone"
time="2021-01-12T12:30:06-08:00" level=info msg="JupyterLab root directory = /Users/alex.hoang/Documents/GitHub/home/python"
time="2021-01-12T12:30:06-08:00" level=info msg="Teradata JupyterLab kernel config: /Users/alex.hoang/Library/Jupyter/runtime/kernel-a7dff518-f628-49cf-b529-57781deefaff.json"
time="2021-01-12T12:30:06-08:00" level=info msg="DBViews =  ViewsVX"
time="2021-01-12T12:30:06-08:00" level=info msg="RunKernel, KERNEL ID [a7dff518-f628-49cf-b529-57781deefaff]"
time="2021-01-12T12:30:06-08:00" level=info msg="==========================="
time="2021-01-12T12:30:06-08:00" level=info msg="[a7dff518-f628-49cf-b529-57781deefaff] ACCESS_TOKEN length = 0"
time="2021-01-12T12:30:06-08:00" level=info msg="[a7dff518-f628-49cf-b529-57781deefaff] SYSTEM_SERVICE_URL = ''"
time="2021-01-12T12:30:06-08:00" level=info msg="[a7dff518-f628-49cf-b529-57781deefaff] AUDIT_SERVICE_URL = ''"
time="2021-01-12T12:30:06-08:00" level=info msg="[a7dff518-f628-49cf-b529-57781deefaff] REFRESHER_SERVICE_HOST = ''"
time="2021-01-12T12:30:06-08:00" level=info msg="[a7dff518-f628-49cf-b529-57781deefaff] REFRESHER_SERVICE_PORT = ''"
time="2021-01-12T12:30:06-08:00" level=info msg="==========================="
time="2021-01-12T12:42:09-08:00" level=info msg="[0658831b-99d0-4c89-84d0-da261a0c74dd] Shutting down"
time="2021-01-12T12:42:09-08:00" level=info msg="[833bc5a9-515d-4a41-8488-04562835d2b0] Shutting down"
time="2021-01-12T12:42:09-08:00" level=info msg="[284e0a6e-8122-4184-987d-0900e13a8230] Shutting down"
time="2021-01-12T12:42:09-08:00" level=info msg="[a7dff518-f628-49cf-b529-57781deefaff] Shutting down"
time="2021-01-12T12:42:10-08:00" level=info msg="MAIN>> ============= Starting Teradata Kernel =============="
time="2021-01-12T12:42:10-08:00" level=info msg="Build ID = 2.1.0-ec10132020"
time="2021-01-12T12:42:10-08:00" level=info msg="Docker Mode =  standalone"
time="2021-01-12T12:42:10-08:00" level=info msg="JupyterLab root directory = "
time="2021-01-12T12:42:10-08:00" level=info msg="Teradata JupyterLab kernel config: /Users/alex.hoang/Library/Jupyter/runtime/kernel-a7dff518-f628-49cf-b529-57781deefaff.json"
time="2021-01-12T12:42:10-08:00" level=info msg="DBViews =  ViewsVX"
time="2021-01-12T12:42:10-08:00" level=info msg="RunKernel, KERNEL ID [a7dff518-f628-49cf-b529-57781deefaff]"
time="2021-01-12T12:42:10-08:00" level=info msg="==========================="
time="2021-01-12T12:42:10-08:00" level=info msg="[a7dff518-f628-49cf-b529-57781deefaff] ACCESS_TOKEN length = 0"
time="2021-01-12T12:42:10-08:00" level=info msg="[a7dff518-f628-49cf-b529-57781deefaff] SYSTEM_SERVICE_URL = ''"
time="2021-01-12T12:42:10-08:00" level=info msg="[a7dff518-f628-49cf-b529-57781deefaff] AUDIT_SERVICE_URL = ''"
time="2021-01-12T12:42:10-08:00" level=info msg="[a7dff518-f628-49cf-b529-57781deefaff] REFRESHER_SERVICE_HOST = ''"
time="2021-01-12T12:42:10-08:00" level=info msg="[a7dff518-f628-49cf-b529-57781deefaff] REFRESHER_SERVICE_PORT = ''"
time="2021-01-12T12:42:10-08:00" level=info msg="==========================="
time="2021-01-18T13:32:51-08:00" level=info msg="MAIN>> ============= Starting Teradata Kernel =============="
time="2021-01-18T13:32:51-08:00" level=info msg="Build ID = 2.1.0-ec10132020"
time="2021-01-18T13:32:51-08:00" level=info msg="Docker Mode =  standalone"
time="2021-01-18T13:32:51-08:00" level=info msg="JupyterLab root directory = /Users/alex.hoang/Documents/GitHub/home/python"
time="2021-01-18T13:32:51-08:00" level=info msg="Teradata JupyterLab kernel config: /Users/alex.hoang/Library/Jupyter/runtime/kernel-a2e18b1c-794b-4334-b3ae-dd15ded2236c.json"
time="2021-01-18T13:32:51-08:00" level=info msg="DBViews =  ViewsVX"
time="2021-01-18T13:32:51-08:00" level=info msg="RunKernel, KERNEL ID [a2e18b1c-794b-4334-b3ae-dd15ded2236c]"
time="2021-01-18T13:32:51-08:00" level=info msg="==========================="
time="2021-01-18T13:32:51-08:00" level=info msg="[a2e18b1c-794b-4334-b3ae-dd15ded2236c] ACCESS_TOKEN length = 0"
time="2021-01-18T13:32:51-08:00" level=info msg="[a2e18b1c-794b-4334-b3ae-dd15ded2236c] SYSTEM_SERVICE_URL = ''"
time="2021-01-18T13:32:51-08:00" level=info msg="[a2e18b1c-794b-4334-b3ae-dd15ded2236c] AUDIT_SERVICE_URL = ''"
time="2021-01-18T13:32:51-08:00" level=info msg="[a2e18b1c-794b-4334-b3ae-dd15ded2236c] REFRESHER_SERVICE_HOST = ''"
time="2021-01-18T13:32:51-08:00" level=info msg="[a2e18b1c-794b-4334-b3ae-dd15ded2236c] REFRESHER_SERVICE_PORT = ''"
time="2021-01-18T13:32:51-08:00" level=info msg="==========================="
time="2021-01-18T13:32:52-08:00" level=info msg="MAIN>> ============= Starting Teradata Kernel =============="
time="2021-01-18T13:32:52-08:00" level=info msg="Build ID = 2.1.0-ec10132020"
time="2021-01-18T13:32:52-08:00" level=info msg="Docker Mode =  standalone"
time="2021-01-18T13:32:52-08:00" level=info msg="JupyterLab root directory = /Users/alex.hoang/Documents/GitHub/home/python"
time="2021-01-18T13:32:52-08:00" level=info msg="Teradata JupyterLab kernel config: /Users/alex.hoang/Library/Jupyter/runtime/kernel-b4cfb466-3c9f-4532-80f8-d99fd163b2a4.json"
time="2021-01-18T13:32:52-08:00" level=info msg="DBViews =  ViewsVX"
time="2021-01-18T13:32:52-08:00" level=info msg="RunKernel, KERNEL ID [b4cfb466-3c9f-4532-80f8-d99fd163b2a4]"
time="2021-01-18T13:32:52-08:00" level=info msg="==========================="
time="2021-01-18T13:32:52-08:00" level=info msg="[b4cfb466-3c9f-4532-80f8-d99fd163b2a4] ACCESS_TOKEN length = 0"
time="2021-01-18T13:32:52-08:00" level=info msg="[b4cfb466-3c9f-4532-80f8-d99fd163b2a4] SYSTEM_SERVICE_URL = ''"
time="2021-01-18T13:32:52-08:00" level=info msg="[b4cfb466-3c9f-4532-80f8-d99fd163b2a4] AUDIT_SERVICE_URL = ''"
time="2021-01-18T13:32:52-08:00" level=info msg="[b4cfb466-3c9f-4532-80f8-d99fd163b2a4] REFRESHER_SERVICE_HOST = ''"
time="2021-01-18T13:32:52-08:00" level=info msg="[b4cfb466-3c9f-4532-80f8-d99fd163b2a4] REFRESHER_SERVICE_PORT = ''"
time="2021-01-18T13:32:52-08:00" level=info msg="==========================="
time="2021-01-19T01:37:29-08:00" level=info msg="[a2e18b1c-794b-4334-b3ae-dd15ded2236c] Shutting down"
time="2021-01-19T01:37:29-08:00" level=info msg="[b4cfb466-3c9f-4532-80f8-d99fd163b2a4] Shutting down"
time="2021-01-19T16:38:16-08:00" level=info msg="MAIN>> ============= Starting Teradata Kernel =============="
time="2021-01-19T16:38:16-08:00" level=info msg="Build ID = 2.1.0-ec10132020"
time="2021-01-19T16:38:16-08:00" level=info msg="Docker Mode =  standalone"
time="2021-01-19T16:38:16-08:00" level=info msg="JupyterLab root directory = /Users/alex.hoang/Documents/GitHub/home/python"
time="2021-01-19T16:38:16-08:00" level=info msg="Teradata JupyterLab kernel config: /Users/alex.hoang/Library/Jupyter/runtime/kernel-91408b47-8000-4928-a76b-a91f2255db32.json"
time="2021-01-19T16:38:16-08:00" level=info msg="DBViews =  ViewsVX"
time="2021-01-19T16:38:16-08:00" level=info msg="RunKernel, KERNEL ID [91408b47-8000-4928-a76b-a91f2255db32]"
time="2021-01-19T16:38:16-08:00" level=info msg="==========================="
time="2021-01-19T16:38:16-08:00" level=info msg="[91408b47-8000-4928-a76b-a91f2255db32] ACCESS_TOKEN length = 0"
time="2021-01-19T16:38:16-08:00" level=info msg="[91408b47-8000-4928-a76b-a91f2255db32] SYSTEM_SERVICE_URL = ''"
time="2021-01-19T16:38:16-08:00" level=info msg="[91408b47-8000-4928-a76b-a91f2255db32] AUDIT_SERVICE_URL = ''"
time="2021-01-19T16:38:16-08:00" level=info msg="[91408b47-8000-4928-a76b-a91f2255db32] REFRESHER_SERVICE_HOST = ''"
time="2021-01-19T16:38:16-08:00" level=info msg="[91408b47-8000-4928-a76b-a91f2255db32] REFRESHER_SERVICE_PORT = ''"
time="2021-01-19T16:38:16-08:00" level=info msg="==========================="
time="2021-01-19T16:38:17-08:00" level=info msg="MAIN>> ============= Starting Teradata Kernel =============="
time="2021-01-19T16:38:17-08:00" level=info msg="Build ID = 2.1.0-ec10132020"
time="2021-01-19T16:38:17-08:00" level=info msg="Docker Mode =  standalone"
time="2021-01-19T16:38:17-08:00" level=info msg="JupyterLab root directory = /Users/alex.hoang/Documents/GitHub/home/python"
time="2021-01-19T16:38:17-08:00" level=info msg="Teradata JupyterLab kernel config: /Users/alex.hoang/Library/Jupyter/runtime/kernel-7b3e7915-e0c7-44c3-bbb0-e7949f990eed.json"
time="2021-01-19T16:38:17-08:00" level=info msg="DBViews =  ViewsVX"
time="2021-01-19T16:38:17-08:00" level=info msg="RunKernel, KERNEL ID [7b3e7915-e0c7-44c3-bbb0-e7949f990eed]"
time="2021-01-19T16:38:17-08:00" level=info msg="==========================="
time="2021-01-19T16:38:17-08:00" level=info msg="[7b3e7915-e0c7-44c3-bbb0-e7949f990eed] ACCESS_TOKEN length = 0"
time="2021-01-19T16:38:17-08:00" level=info msg="[7b3e7915-e0c7-44c3-bbb0-e7949f990eed] SYSTEM_SERVICE_URL = ''"
time="2021-01-19T16:38:17-08:00" level=info msg="[7b3e7915-e0c7-44c3-bbb0-e7949f990eed] AUDIT_SERVICE_URL = ''"
time="2021-01-19T16:38:17-08:00" level=info msg="[7b3e7915-e0c7-44c3-bbb0-e7949f990eed] REFRESHER_SERVICE_HOST = ''"
time="2021-01-19T16:38:17-08:00" level=info msg="[7b3e7915-e0c7-44c3-bbb0-e7949f990eed] REFRESHER_SERVICE_PORT = ''"
time="2021-01-19T16:38:17-08:00" level=info msg="==========================="
time="2021-01-19T16:58:12-08:00" level=info msg="MAIN>> ============= Starting Teradata Kernel =============="
time="2021-01-19T16:58:12-08:00" level=info msg="Build ID = 2.1.0-ec10132020"
time="2021-01-19T16:58:12-08:00" level=info msg="Docker Mode =  standalone"
time="2021-01-19T16:58:12-08:00" level=info msg="JupyterLab root directory = /Users/alex.hoang/Documents/GitHub/home/python"
time="2021-01-19T16:58:12-08:00" level=info msg="Teradata JupyterLab kernel config: /Users/alex.hoang/Library/Jupyter/runtime/kernel-cc70ee4c-e39f-4036-885d-315feaed6b3f.json"
time="2021-01-19T16:58:12-08:00" level=info msg="DBViews =  ViewsVX"
time="2021-01-19T16:58:12-08:00" level=info msg="RunKernel, KERNEL ID [cc70ee4c-e39f-4036-885d-315feaed6b3f]"
time="2021-01-19T16:58:12-08:00" level=info msg="==========================="
time="2021-01-19T16:58:12-08:00" level=info msg="[cc70ee4c-e39f-4036-885d-315feaed6b3f] ACCESS_TOKEN length = 0"
time="2021-01-19T16:58:12-08:00" level=info msg="[cc70ee4c-e39f-4036-885d-315feaed6b3f] SYSTEM_SERVICE_URL = ''"
time="2021-01-19T16:58:12-08:00" level=info msg="[cc70ee4c-e39f-4036-885d-315feaed6b3f] AUDIT_SERVICE_URL = ''"
time="2021-01-19T16:58:12-08:00" level=info msg="[cc70ee4c-e39f-4036-885d-315feaed6b3f] REFRESHER_SERVICE_HOST = ''"
time="2021-01-19T16:58:12-08:00" level=info msg="[cc70ee4c-e39f-4036-885d-315feaed6b3f] REFRESHER_SERVICE_PORT = ''"
time="2021-01-19T16:58:12-08:00" level=info msg="==========================="
time="2021-01-19T16:58:13-08:00" level=info msg="MAIN>> ============= Starting Teradata Kernel =============="
time="2021-01-19T16:58:13-08:00" level=info msg="Build ID = 2.1.0-ec10132020"
time="2021-01-19T16:58:13-08:00" level=info msg="Docker Mode =  standalone"
time="2021-01-19T16:58:13-08:00" level=info msg="JupyterLab root directory = /Users/alex.hoang/Documents/GitHub/home/python"
time="2021-01-19T16:58:13-08:00" level=info msg="Teradata JupyterLab kernel config: /Users/alex.hoang/Library/Jupyter/runtime/kernel-a105d5d9-9a16-40c4-bd08-b2b037bebf7b.json"
time="2021-01-19T16:58:13-08:00" level=info msg="DBViews =  ViewsVX"
time="2021-01-19T16:58:13-08:00" level=info msg="RunKernel, KERNEL ID [a105d5d9-9a16-40c4-bd08-b2b037bebf7b]"
time="2021-01-19T16:58:13-08:00" level=info msg="==========================="
time="2021-01-19T16:58:13-08:00" level=info msg="[a105d5d9-9a16-40c4-bd08-b2b037bebf7b] ACCESS_TOKEN length = 0"
time="2021-01-19T16:58:13-08:00" level=info msg="[a105d5d9-9a16-40c4-bd08-b2b037bebf7b] SYSTEM_SERVICE_URL = ''"
time="2021-01-19T16:58:13-08:00" level=info msg="[a105d5d9-9a16-40c4-bd08-b2b037bebf7b] AUDIT_SERVICE_URL = ''"
time="2021-01-19T16:58:13-08:00" level=info msg="[a105d5d9-9a16-40c4-bd08-b2b037bebf7b] REFRESHER_SERVICE_HOST = ''"
time="2021-01-19T16:58:13-08:00" level=info msg="[a105d5d9-9a16-40c4-bd08-b2b037bebf7b] REFRESHER_SERVICE_PORT = ''"
time="2021-01-19T16:58:13-08:00" level=info msg="==========================="
time="2021-01-20T01:31:29-08:00" level=info msg="[cc70ee4c-e39f-4036-885d-315feaed6b3f] Shutting down"
time="2021-01-20T01:31:29-08:00" level=info msg="[a105d5d9-9a16-40c4-bd08-b2b037bebf7b] Shutting down"
time="2021-01-20T01:32:12-08:00" level=info msg="MAIN>> ============= Starting Teradata Kernel =============="
time="2021-01-20T01:32:12-08:00" level=info msg="Build ID = 2.1.0-ec10132020"
time="2021-01-20T01:32:12-08:00" level=info msg="Docker Mode =  standalone"
time="2021-01-20T01:32:12-08:00" level=info msg="JupyterLab root directory = /Users/alex.hoang/Documents/GitHub/home/python"
time="2021-01-20T01:32:12-08:00" level=info msg="Teradata JupyterLab kernel config: /Users/alex.hoang/Library/Jupyter/runtime/kernel-ef486891-385d-401b-af57-8752a0060085.json"
time="2021-01-20T01:32:12-08:00" level=info msg="DBViews =  ViewsVX"
time="2021-01-20T01:32:12-08:00" level=info msg="RunKernel, KERNEL ID [ef486891-385d-401b-af57-8752a0060085]"
time="2021-01-20T01:32:12-08:00" level=info msg="==========================="
time="2021-01-20T01:32:12-08:00" level=info msg="[ef486891-385d-401b-af57-8752a0060085] ACCESS_TOKEN length = 0"
time="2021-01-20T01:32:12-08:00" level=info msg="[ef486891-385d-401b-af57-8752a0060085] SYSTEM_SERVICE_URL = ''"
time="2021-01-20T01:32:12-08:00" level=info msg="[ef486891-385d-401b-af57-8752a0060085] AUDIT_SERVICE_URL = ''"
time="2021-01-20T01:32:12-08:00" level=info msg="[ef486891-385d-401b-af57-8752a0060085] REFRESHER_SERVICE_HOST = ''"
time="2021-01-20T01:32:12-08:00" level=info msg="[ef486891-385d-401b-af57-8752a0060085] REFRESHER_SERVICE_PORT = ''"
time="2021-01-20T01:32:12-08:00" level=info msg="==========================="
time="2021-01-20T01:32:14-08:00" level=info msg="MAIN>> ============= Starting Teradata Kernel =============="
time="2021-01-20T01:32:14-08:00" level=info msg="Build ID = 2.1.0-ec10132020"
time="2021-01-20T01:32:14-08:00" level=info msg="Docker Mode =  standalone"
time="2021-01-20T01:32:14-08:00" level=info msg="JupyterLab root directory = /Users/alex.hoang/Documents/GitHub/home/python"
time="2021-01-20T01:32:14-08:00" level=info msg="Teradata JupyterLab kernel config: /Users/alex.hoang/Library/Jupyter/runtime/kernel-5edb2714-24ff-4831-b56e-c624ee890b46.json"
time="2021-01-20T01:32:14-08:00" level=info msg="DBViews =  ViewsVX"
time="2021-01-20T01:32:14-08:00" level=info msg="RunKernel, KERNEL ID [5edb2714-24ff-4831-b56e-c624ee890b46]"
time="2021-01-20T01:32:14-08:00" level=info msg="==========================="
time="2021-01-20T01:32:14-08:00" level=info msg="[5edb2714-24ff-4831-b56e-c624ee890b46] ACCESS_TOKEN length = 0"
time="2021-01-20T01:32:14-08:00" level=info msg="[5edb2714-24ff-4831-b56e-c624ee890b46] SYSTEM_SERVICE_URL = ''"
time="2021-01-20T01:32:14-08:00" level=info msg="[5edb2714-24ff-4831-b56e-c624ee890b46] AUDIT_SERVICE_URL = ''"
time="2021-01-20T01:32:14-08:00" level=info msg="[5edb2714-24ff-4831-b56e-c624ee890b46] REFRESHER_SERVICE_HOST = ''"
time="2021-01-20T01:32:14-08:00" level=info msg="[5edb2714-24ff-4831-b56e-c624ee890b46] REFRESHER_SERVICE_PORT = ''"
time="2021-01-20T01:32:14-08:00" level=info msg="==========================="
time="2021-01-20T02:28:25-08:00" level=info msg="[ef486891-385d-401b-af57-8752a0060085] Shutting down"
time="2021-01-20T02:28:25-08:00" level=info msg="[5edb2714-24ff-4831-b56e-c624ee890b46] Shutting down"
time="2021-01-20T12:47:49-08:00" level=info msg="MAIN>> ============= Starting Teradata Kernel =============="
time="2021-01-20T12:47:49-08:00" level=info msg="Build ID = 2.1.0-ec10132020"
time="2021-01-20T12:47:49-08:00" level=info msg="Docker Mode =  standalone"
time="2021-01-20T12:47:49-08:00" level=info msg="JupyterLab root directory = /Users/alex.hoang/Documents/GitHub/home/python"
time="2021-01-20T12:47:49-08:00" level=info msg="Teradata JupyterLab kernel config: /Users/alex.hoang/Library/Jupyter/runtime/kernel-d8e3f31a-d7cb-4212-a458-a2f77b7cf93b.json"
time="2021-01-20T12:47:50-08:00" level=info msg="DBViews =  ViewsVX"
time="2021-01-20T12:47:50-08:00" level=info msg="RunKernel, KERNEL ID [d8e3f31a-d7cb-4212-a458-a2f77b7cf93b]"
time="2021-01-20T12:47:50-08:00" level=info msg="==========================="
time="2021-01-20T12:47:50-08:00" level=info msg="[d8e3f31a-d7cb-4212-a458-a2f77b7cf93b] ACCESS_TOKEN length = 0"
time="2021-01-20T12:47:50-08:00" level=info msg="[d8e3f31a-d7cb-4212-a458-a2f77b7cf93b] SYSTEM_SERVICE_URL = ''"
time="2021-01-20T12:47:50-08:00" level=info msg="[d8e3f31a-d7cb-4212-a458-a2f77b7cf93b] AUDIT_SERVICE_URL = ''"
time="2021-01-20T12:47:50-08:00" level=info msg="[d8e3f31a-d7cb-4212-a458-a2f77b7cf93b] REFRESHER_SERVICE_HOST = ''"
time="2021-01-20T12:47:50-08:00" level=info msg="[d8e3f31a-d7cb-4212-a458-a2f77b7cf93b] REFRESHER_SERVICE_PORT = ''"
time="2021-01-20T12:47:50-08:00" level=info msg="==========================="
time="2021-01-20T12:47:51-08:00" level=info msg="MAIN>> ============= Starting Teradata Kernel =============="
time="2021-01-20T12:47:51-08:00" level=info msg="Build ID = 2.1.0-ec10132020"
time="2021-01-20T12:47:51-08:00" level=info msg="Docker Mode =  standalone"
time="2021-01-20T12:47:51-08:00" level=info msg="JupyterLab root directory = /Users/alex.hoang/Documents/GitHub/home/python"
time="2021-01-20T12:47:51-08:00" level=info msg="Teradata JupyterLab kernel config: /Users/alex.hoang/Library/Jupyter/runtime/kernel-4d830b4c-19bb-4157-b8ef-0ca5436c08f9.json"
time="2021-01-20T12:47:51-08:00" level=info msg="DBViews =  ViewsVX"
time="2021-01-20T12:47:51-08:00" level=info msg="RunKernel, KERNEL ID [4d830b4c-19bb-4157-b8ef-0ca5436c08f9]"
time="2021-01-20T12:47:51-08:00" level=info msg="==========================="
time="2021-01-20T12:47:51-08:00" level=info msg="[4d830b4c-19bb-4157-b8ef-0ca5436c08f9] ACCESS_TOKEN length = 0"
time="2021-01-20T12:47:51-08:00" level=info msg="[4d830b4c-19bb-4157-b8ef-0ca5436c08f9] SYSTEM_SERVICE_URL = ''"
time="2021-01-20T12:47:51-08:00" level=info msg="[4d830b4c-19bb-4157-b8ef-0ca5436c08f9] AUDIT_SERVICE_URL = ''"
time="2021-01-20T12:47:51-08:00" level=info msg="[4d830b4c-19bb-4157-b8ef-0ca5436c08f9] REFRESHER_SERVICE_HOST = ''"
time="2021-01-20T12:47:51-08:00" level=info msg="[4d830b4c-19bb-4157-b8ef-0ca5436c08f9] REFRESHER_SERVICE_PORT = ''"
time="2021-01-20T12:47:51-08:00" level=info msg="==========================="
time="2021-01-21T19:14:50-08:00" level=info msg="[4d830b4c-19bb-4157-b8ef-0ca5436c08f9] Shutting down"
time="2021-01-21T19:14:50-08:00" level=info msg="[d8e3f31a-d7cb-4212-a458-a2f77b7cf93b] Shutting down"
time="2021-01-26T02:28:14-08:00" level=info msg="MAIN>> ============= Starting Teradata Kernel =============="
time="2021-01-26T02:28:14-08:00" level=info msg="Build ID = 2.1.0-ec10132020"
time="2021-01-26T02:28:14-08:00" level=info msg="Docker Mode =  standalone"
time="2021-01-26T02:28:14-08:00" level=info msg="JupyterLab root directory = /Users/alex.hoang/Documents/GitHub/home/python"
time="2021-01-26T02:28:14-08:00" level=info msg="Teradata JupyterLab kernel config: /Users/alex.hoang/Library/Jupyter/runtime/kernel-b6318fda-63ea-45b2-9120-325c02b1f375.json"
time="2021-01-26T02:28:14-08:00" level=info msg="DBViews =  ViewsVX"
time="2021-01-26T02:28:14-08:00" level=info msg="RunKernel, KERNEL ID [b6318fda-63ea-45b2-9120-325c02b1f375]"
time="2021-01-26T02:28:14-08:00" level=info msg="==========================="
time="2021-01-26T02:28:14-08:00" level=info msg="[b6318fda-63ea-45b2-9120-325c02b1f375] ACCESS_TOKEN length = 0"
time="2021-01-26T02:28:14-08:00" level=info msg="[b6318fda-63ea-45b2-9120-325c02b1f375] SYSTEM_SERVICE_URL = ''"
time="2021-01-26T02:28:14-08:00" level=info msg="[b6318fda-63ea-45b2-9120-325c02b1f375] AUDIT_SERVICE_URL = ''"
time="2021-01-26T02:28:14-08:00" level=info msg="[b6318fda-63ea-45b2-9120-325c02b1f375] REFRESHER_SERVICE_HOST = ''"
time="2021-01-26T02:28:14-08:00" level=info msg="[b6318fda-63ea-45b2-9120-325c02b1f375] REFRESHER_SERVICE_PORT = ''"
time="2021-01-26T02:28:14-08:00" level=info msg="==========================="
time="2021-01-26T02:28:16-08:00" level=info msg="MAIN>> ============= Starting Teradata Kernel =============="
time="2021-01-26T02:28:16-08:00" level=info msg="Build ID = 2.1.0-ec10132020"
time="2021-01-26T02:28:16-08:00" level=info msg="Docker Mode =  standalone"
time="2021-01-26T02:28:16-08:00" level=info msg="JupyterLab root directory = /Users/alex.hoang/Documents/GitHub/home/python"
time="2021-01-26T02:28:16-08:00" level=info msg="Teradata JupyterLab kernel config: /Users/alex.hoang/Library/Jupyter/runtime/kernel-c72d7cad-3f59-4682-84d6-87b1312c2b19.json"
time="2021-01-26T02:28:16-08:00" level=info msg="DBViews =  ViewsVX"
time="2021-01-26T02:28:16-08:00" level=info msg="RunKernel, KERNEL ID [c72d7cad-3f59-4682-84d6-87b1312c2b19]"
time="2021-01-26T02:28:16-08:00" level=info msg="==========================="
time="2021-01-26T02:28:16-08:00" level=info msg="[c72d7cad-3f59-4682-84d6-87b1312c2b19] ACCESS_TOKEN length = 0"
time="2021-01-26T02:28:16-08:00" level=info msg="[c72d7cad-3f59-4682-84d6-87b1312c2b19] SYSTEM_SERVICE_URL = ''"
time="2021-01-26T02:28:16-08:00" level=info msg="[c72d7cad-3f59-4682-84d6-87b1312c2b19] AUDIT_SERVICE_URL = ''"
time="2021-01-26T02:28:16-08:00" level=info msg="[c72d7cad-3f59-4682-84d6-87b1312c2b19] REFRESHER_SERVICE_HOST = ''"
time="2021-01-26T02:28:16-08:00" level=info msg="[c72d7cad-3f59-4682-84d6-87b1312c2b19] REFRESHER_SERVICE_PORT = ''"
time="2021-01-26T02:28:16-08:00" level=info msg="==========================="
time="2021-01-26T02:29:25-08:00" level=info msg="[b6318fda-63ea-45b2-9120-325c02b1f375] Shutting down"
time="2021-01-26T02:29:25-08:00" level=info msg="[c72d7cad-3f59-4682-84d6-87b1312c2b19] Shutting down"
time="2021-01-27T13:04:35-08:00" level=info msg="MAIN>> ============= Starting Teradata Kernel =============="
time="2021-01-27T13:04:35-08:00" level=info msg="Build ID = 2.1.0-ec10132020"
time="2021-01-27T13:04:35-08:00" level=info msg="Docker Mode =  standalone"
time="2021-01-27T13:04:35-08:00" level=info msg="JupyterLab root directory = /Users/alex.hoang/Documents/GitHub/home/python"
time="2021-01-27T13:04:35-08:00" level=info msg="Teradata JupyterLab kernel config: /Users/alex.hoang/Library/Jupyter/runtime/kernel-e2e6bdc2-6ea6-4757-a10b-bcce1b0e1a2c.json"
time="2021-01-27T13:04:35-08:00" level=info msg="DBViews =  ViewsVX"
time="2021-01-27T13:04:35-08:00" level=info msg="RunKernel, KERNEL ID [e2e6bdc2-6ea6-4757-a10b-bcce1b0e1a2c]"
time="2021-01-27T13:04:35-08:00" level=info msg="==========================="
time="2021-01-27T13:04:35-08:00" level=info msg="[e2e6bdc2-6ea6-4757-a10b-bcce1b0e1a2c] ACCESS_TOKEN length = 0"
time="2021-01-27T13:04:35-08:00" level=info msg="[e2e6bdc2-6ea6-4757-a10b-bcce1b0e1a2c] SYSTEM_SERVICE_URL = ''"
time="2021-01-27T13:04:35-08:00" level=info msg="[e2e6bdc2-6ea6-4757-a10b-bcce1b0e1a2c] AUDIT_SERVICE_URL = ''"
time="2021-01-27T13:04:35-08:00" level=info msg="[e2e6bdc2-6ea6-4757-a10b-bcce1b0e1a2c] REFRESHER_SERVICE_HOST = ''"
time="2021-01-27T13:04:35-08:00" level=info msg="[e2e6bdc2-6ea6-4757-a10b-bcce1b0e1a2c] REFRESHER_SERVICE_PORT = ''"
time="2021-01-27T13:04:35-08:00" level=info msg="==========================="
time="2021-01-27T13:04:36-08:00" level=info msg="MAIN>> ============= Starting Teradata Kernel =============="
time="2021-01-27T13:04:36-08:00" level=info msg="Build ID = 2.1.0-ec10132020"
time="2021-01-27T13:04:36-08:00" level=info msg="Docker Mode =  standalone"
time="2021-01-27T13:04:36-08:00" level=info msg="JupyterLab root directory = /Users/alex.hoang/Documents/GitHub/home/python"
time="2021-01-27T13:04:36-08:00" level=info msg="Teradata JupyterLab kernel config: /Users/alex.hoang/Library/Jupyter/runtime/kernel-49e1a01c-3399-4f28-a276-f3f420b02b20.json"
time="2021-01-27T13:04:36-08:00" level=info msg="DBViews =  ViewsVX"
time="2021-01-27T13:04:36-08:00" level=info msg="RunKernel, KERNEL ID [49e1a01c-3399-4f28-a276-f3f420b02b20]"
time="2021-01-27T13:04:36-08:00" level=info msg="==========================="
time="2021-01-27T13:04:36-08:00" level=info msg="[49e1a01c-3399-4f28-a276-f3f420b02b20] ACCESS_TOKEN length = 0"
time="2021-01-27T13:04:36-08:00" level=info msg="[49e1a01c-3399-4f28-a276-f3f420b02b20] SYSTEM_SERVICE_URL = ''"
time="2021-01-27T13:04:36-08:00" level=info msg="[49e1a01c-3399-4f28-a276-f3f420b02b20] AUDIT_SERVICE_URL = ''"
time="2021-01-27T13:04:36-08:00" level=info msg="[49e1a01c-3399-4f28-a276-f3f420b02b20] REFRESHER_SERVICE_HOST = ''"
time="2021-01-27T13:04:36-08:00" level=info msg="[49e1a01c-3399-4f28-a276-f3f420b02b20] REFRESHER_SERVICE_PORT = ''"
time="2021-01-27T13:04:36-08:00" level=info msg="==========================="
time="2021-01-27T13:08:53-08:00" level=info msg="[e2e6bdc2-6ea6-4757-a10b-bcce1b0e1a2c] Shutting down"
time="2021-01-27T13:08:53-08:00" level=info msg="[49e1a01c-3399-4f28-a276-f3f420b02b20] Shutting down"
time="2021-01-27T22:43:37-08:00" level=info msg="MAIN>> ============= Starting Teradata Kernel =============="
time="2021-01-27T22:43:37-08:00" level=info msg="Build ID = 2.1.0-ec10132020"
time="2021-01-27T22:43:37-08:00" level=info msg="Docker Mode =  standalone"
time="2021-01-27T22:43:37-08:00" level=info msg="JupyterLab root directory = /Users/alex.hoang/Documents/GitHub/home/python"
time="2021-01-27T22:43:37-08:00" level=info msg="Teradata JupyterLab kernel config: /Users/alex.hoang/Library/Jupyter/runtime/kernel-1441a223-aae0-4467-a8f2-07b3a7a19aa6.json"
time="2021-01-27T22:43:37-08:00" level=info msg="DBViews =  ViewsVX"
time="2021-01-27T22:43:37-08:00" level=info msg="RunKernel, KERNEL ID [1441a223-aae0-4467-a8f2-07b3a7a19aa6]"
time="2021-01-27T22:43:37-08:00" level=info msg="==========================="
time="2021-01-27T22:43:37-08:00" level=info msg="[1441a223-aae0-4467-a8f2-07b3a7a19aa6] ACCESS_TOKEN length = 0"
time="2021-01-27T22:43:37-08:00" level=info msg="[1441a223-aae0-4467-a8f2-07b3a7a19aa6] SYSTEM_SERVICE_URL = ''"
time="2021-01-27T22:43:37-08:00" level=info msg="[1441a223-aae0-4467-a8f2-07b3a7a19aa6] AUDIT_SERVICE_URL = ''"
time="2021-01-27T22:43:37-08:00" level=info msg="[1441a223-aae0-4467-a8f2-07b3a7a19aa6] REFRESHER_SERVICE_HOST = ''"
time="2021-01-27T22:43:37-08:00" level=info msg="[1441a223-aae0-4467-a8f2-07b3a7a19aa6] REFRESHER_SERVICE_PORT = ''"
time="2021-01-27T22:43:37-08:00" level=info msg="==========================="
time="2021-01-27T22:43:39-08:00" level=info msg="MAIN>> ============= Starting Teradata Kernel =============="
time="2021-01-27T22:43:39-08:00" level=info msg="Build ID = 2.1.0-ec10132020"
time="2021-01-27T22:43:39-08:00" level=info msg="Docker Mode =  standalone"
time="2021-01-27T22:43:39-08:00" level=info msg="JupyterLab root directory = /Users/alex.hoang/Documents/GitHub/home/python"
time="2021-01-27T22:43:39-08:00" level=info msg="Teradata JupyterLab kernel config: /Users/alex.hoang/Library/Jupyter/runtime/kernel-aecc6a6d-6e9f-459e-b13a-e0210ce8abcf.json"
time="2021-01-27T22:43:39-08:00" level=info msg="DBViews =  ViewsVX"
time="2021-01-27T22:43:39-08:00" level=info msg="RunKernel, KERNEL ID [aecc6a6d-6e9f-459e-b13a-e0210ce8abcf]"
time="2021-01-27T22:43:39-08:00" level=info msg="==========================="
time="2021-01-27T22:43:39-08:00" level=info msg="[aecc6a6d-6e9f-459e-b13a-e0210ce8abcf] ACCESS_TOKEN length = 0"
time="2021-01-27T22:43:39-08:00" level=info msg="[aecc6a6d-6e9f-459e-b13a-e0210ce8abcf] SYSTEM_SERVICE_URL = ''"
time="2021-01-27T22:43:39-08:00" level=info msg="[aecc6a6d-6e9f-459e-b13a-e0210ce8abcf] AUDIT_SERVICE_URL = ''"
time="2021-01-27T22:43:39-08:00" level=info msg="[aecc6a6d-6e9f-459e-b13a-e0210ce8abcf] REFRESHER_SERVICE_HOST = ''"
time="2021-01-27T22:43:39-08:00" level=info msg="[aecc6a6d-6e9f-459e-b13a-e0210ce8abcf] REFRESHER_SERVICE_PORT = ''"
time="2021-01-27T22:43:39-08:00" level=info msg="==========================="
time="2021-01-27T23:27:29-08:00" level=info msg="MAIN>> ============= Starting Teradata Kernel =============="
time="2021-01-27T23:27:29-08:00" level=info msg="Build ID = 2.1.0-ec10132020"
time="2021-01-27T23:27:29-08:00" level=info msg="Docker Mode =  standalone"
time="2021-01-27T23:27:29-08:00" level=info msg="JupyterLab root directory = /Users/alex.hoang/Documents/GitHub/home/python"
time="2021-01-27T23:27:29-08:00" level=info msg="Teradata JupyterLab kernel config: /Users/alex.hoang/Library/Jupyter/runtime/kernel-a8f555bf-f519-4d94-977f-5a6803c66121.json"
time="2021-01-27T23:27:29-08:00" level=info msg="DBViews =  ViewsVX"
time="2021-01-27T23:27:29-08:00" level=info msg="RunKernel, KERNEL ID [a8f555bf-f519-4d94-977f-5a6803c66121]"
time="2021-01-27T23:27:29-08:00" level=info msg="==========================="
time="2021-01-27T23:27:29-08:00" level=info msg="[a8f555bf-f519-4d94-977f-5a6803c66121] ACCESS_TOKEN length = 0"
time="2021-01-27T23:27:29-08:00" level=info msg="[a8f555bf-f519-4d94-977f-5a6803c66121] SYSTEM_SERVICE_URL = ''"
time="2021-01-27T23:27:29-08:00" level=info msg="[a8f555bf-f519-4d94-977f-5a6803c66121] AUDIT_SERVICE_URL = ''"
time="2021-01-27T23:27:29-08:00" level=info msg="[a8f555bf-f519-4d94-977f-5a6803c66121] REFRESHER_SERVICE_HOST = ''"
time="2021-01-27T23:27:29-08:00" level=info msg="[a8f555bf-f519-4d94-977f-5a6803c66121] REFRESHER_SERVICE_PORT = ''"
time="2021-01-27T23:27:29-08:00" level=info msg="==========================="
time="2021-01-27T23:27:30-08:00" level=info msg="MAIN>> ============= Starting Teradata Kernel =============="
time="2021-01-27T23:27:30-08:00" level=info msg="Build ID = 2.1.0-ec10132020"
time="2021-01-27T23:27:30-08:00" level=info msg="Docker Mode =  standalone"
time="2021-01-27T23:27:30-08:00" level=info msg="JupyterLab root directory = /Users/alex.hoang/Documents/GitHub/home/python"
time="2021-01-27T23:27:30-08:00" level=info msg="Teradata JupyterLab kernel config: /Users/alex.hoang/Library/Jupyter/runtime/kernel-30993f4c-3fb1-4761-a93a-b8f94bdfef92.json"
time="2021-01-27T23:27:30-08:00" level=info msg="DBViews =  ViewsVX"
time="2021-01-27T23:27:30-08:00" level=info msg="RunKernel, KERNEL ID [30993f4c-3fb1-4761-a93a-b8f94bdfef92]"
time="2021-01-27T23:27:30-08:00" level=info msg="==========================="
time="2021-01-27T23:27:30-08:00" level=info msg="[30993f4c-3fb1-4761-a93a-b8f94bdfef92] ACCESS_TOKEN length = 0"
time="2021-01-27T23:27:30-08:00" level=info msg="[30993f4c-3fb1-4761-a93a-b8f94bdfef92] SYSTEM_SERVICE_URL = ''"
time="2021-01-27T23:27:30-08:00" level=info msg="[30993f4c-3fb1-4761-a93a-b8f94bdfef92] AUDIT_SERVICE_URL = ''"
time="2021-01-27T23:27:30-08:00" level=info msg="[30993f4c-3fb1-4761-a93a-b8f94bdfef92] REFRESHER_SERVICE_HOST = ''"
time="2021-01-27T23:27:30-08:00" level=info msg="[30993f4c-3fb1-4761-a93a-b8f94bdfef92] REFRESHER_SERVICE_PORT = ''"
time="2021-01-27T23:27:30-08:00" level=info msg="==========================="
time="2021-01-27T23:28:19-08:00" level=info msg="[1441a223-aae0-4467-a8f2-07b3a7a19aa6] Shutting down"
time="2021-01-27T23:28:19-08:00" level=info msg="[aecc6a6d-6e9f-459e-b13a-e0210ce8abcf] Shutting down"
time="2021-01-27T23:28:19-08:00" level=info msg="[a8f555bf-f519-4d94-977f-5a6803c66121] Shutting down"
time="2021-01-27T23:28:19-08:00" level=info msg="[30993f4c-3fb1-4761-a93a-b8f94bdfef92] Shutting down"
time="2021-01-27T23:28:45-08:00" level=info msg="MAIN>> ============= Starting Teradata Kernel =============="
time="2021-01-27T23:28:45-08:00" level=info msg="Build ID = 2.1.0-ec10132020"
time="2021-01-27T23:28:45-08:00" level=info msg="Docker Mode =  standalone"
time="2021-01-27T23:28:45-08:00" level=info msg="JupyterLab root directory = /Users/alex.hoang/Documents/GitHub/home/python"
time="2021-01-27T23:28:45-08:00" level=info msg="Teradata JupyterLab kernel config: /Users/alex.hoang/Library/Jupyter/runtime/kernel-b13dc148-de76-4168-b674-b09aea4a646e.json"
time="2021-01-27T23:28:45-08:00" level=info msg="DBViews =  ViewsVX"
time="2021-01-27T23:28:45-08:00" level=info msg="RunKernel, KERNEL ID [b13dc148-de76-4168-b674-b09aea4a646e]"
time="2021-01-27T23:28:45-08:00" level=info msg="==========================="
time="2021-01-27T23:28:45-08:00" level=info msg="[b13dc148-de76-4168-b674-b09aea4a646e] ACCESS_TOKEN length = 0"
time="2021-01-27T23:28:45-08:00" level=info msg="[b13dc148-de76-4168-b674-b09aea4a646e] SYSTEM_SERVICE_URL = ''"
time="2021-01-27T23:28:45-08:00" level=info msg="[b13dc148-de76-4168-b674-b09aea4a646e] AUDIT_SERVICE_URL = ''"
time="2021-01-27T23:28:45-08:00" level=info msg="[b13dc148-de76-4168-b674-b09aea4a646e] REFRESHER_SERVICE_HOST = ''"
time="2021-01-27T23:28:45-08:00" level=info msg="[b13dc148-de76-4168-b674-b09aea4a646e] REFRESHER_SERVICE_PORT = ''"
time="2021-01-27T23:28:45-08:00" level=info msg="==========================="
time="2021-01-27T23:28:46-08:00" level=info msg="MAIN>> ============= Starting Teradata Kernel =============="
time="2021-01-27T23:28:46-08:00" level=info msg="Build ID = 2.1.0-ec10132020"
time="2021-01-27T23:28:46-08:00" level=info msg="Docker Mode =  standalone"
time="2021-01-27T23:28:46-08:00" level=info msg="JupyterLab root directory = /Users/alex.hoang/Documents/GitHub/home/python"
time="2021-01-27T23:28:46-08:00" level=info msg="Teradata JupyterLab kernel config: /Users/alex.hoang/Library/Jupyter/runtime/kernel-b1d3bba9-76dc-4920-8dd7-eaf6149ec890.json"
time="2021-01-27T23:28:46-08:00" level=info msg="DBViews =  ViewsVX"
time="2021-01-27T23:28:46-08:00" level=info msg="RunKernel, KERNEL ID [b1d3bba9-76dc-4920-8dd7-eaf6149ec890]"
time="2021-01-27T23:28:46-08:00" level=info msg="==========================="
time="2021-01-27T23:28:46-08:00" level=info msg="[b1d3bba9-76dc-4920-8dd7-eaf6149ec890] ACCESS_TOKEN length = 0"
time="2021-01-27T23:28:46-08:00" level=info msg="[b1d3bba9-76dc-4920-8dd7-eaf6149ec890] SYSTEM_SERVICE_URL = ''"
time="2021-01-27T23:28:46-08:00" level=info msg="[b1d3bba9-76dc-4920-8dd7-eaf6149ec890] AUDIT_SERVICE_URL = ''"
time="2021-01-27T23:28:46-08:00" level=info msg="[b1d3bba9-76dc-4920-8dd7-eaf6149ec890] REFRESHER_SERVICE_HOST = ''"
time="2021-01-27T23:28:46-08:00" level=info msg="[b1d3bba9-76dc-4920-8dd7-eaf6149ec890] REFRESHER_SERVICE_PORT = ''"
time="2021-01-27T23:28:46-08:00" level=info msg="==========================="
time="2021-01-27T23:30:46-08:00" level=info msg="[b13dc148-de76-4168-b674-b09aea4a646e] Shutting down"
time="2021-01-27T23:30:46-08:00" level=info msg="[b1d3bba9-76dc-4920-8dd7-eaf6149ec890] Shutting down"
time="2021-01-27T23:31:19-08:00" level=info msg="MAIN>> ============= Starting Teradata Kernel =============="
time="2021-01-27T23:31:19-08:00" level=info msg="Build ID = 2.1.0-ec10132020"
time="2021-01-27T23:31:19-08:00" level=info msg="Docker Mode =  standalone"
time="2021-01-27T23:31:19-08:00" level=info msg="JupyterLab root directory = /Users/alex.hoang/Documents/GitHub/home/python"
time="2021-01-27T23:31:19-08:00" level=info msg="Teradata JupyterLab kernel config: /Users/alex.hoang/Library/Jupyter/runtime/kernel-266f199e-6528-43c1-b6f9-d52643df1181.json"
time="2021-01-27T23:31:19-08:00" level=info msg="DBViews =  ViewsVX"
time="2021-01-27T23:31:19-08:00" level=info msg="RunKernel, KERNEL ID [266f199e-6528-43c1-b6f9-d52643df1181]"
time="2021-01-27T23:31:19-08:00" level=info msg="==========================="
time="2021-01-27T23:31:19-08:00" level=info msg="[266f199e-6528-43c1-b6f9-d52643df1181] ACCESS_TOKEN length = 0"
time="2021-01-27T23:31:19-08:00" level=info msg="[266f199e-6528-43c1-b6f9-d52643df1181] SYSTEM_SERVICE_URL = ''"
time="2021-01-27T23:31:19-08:00" level=info msg="[266f199e-6528-43c1-b6f9-d52643df1181] AUDIT_SERVICE_URL = ''"
time="2021-01-27T23:31:19-08:00" level=info msg="[266f199e-6528-43c1-b6f9-d52643df1181] REFRESHER_SERVICE_HOST = ''"
time="2021-01-27T23:31:19-08:00" level=info msg="[266f199e-6528-43c1-b6f9-d52643df1181] REFRESHER_SERVICE_PORT = ''"
time="2021-01-27T23:31:19-08:00" level=info msg="==========================="
time="2021-01-27T23:31:20-08:00" level=info msg="MAIN>> ============= Starting Teradata Kernel =============="
time="2021-01-27T23:31:20-08:00" level=info msg="Build ID = 2.1.0-ec10132020"
time="2021-01-27T23:31:20-08:00" level=info msg="Docker Mode =  standalone"
time="2021-01-27T23:31:20-08:00" level=info msg="JupyterLab root directory = /Users/alex.hoang/Documents/GitHub/home/python"
time="2021-01-27T23:31:20-08:00" level=info msg="Teradata JupyterLab kernel config: /Users/alex.hoang/Library/Jupyter/runtime/kernel-02e0903a-3339-4b86-b524-e33a3f4d06cc.json"
time="2021-01-27T23:31:20-08:00" level=info msg="DBViews =  ViewsVX"
time="2021-01-27T23:31:20-08:00" level=info msg="RunKernel, KERNEL ID [02e0903a-3339-4b86-b524-e33a3f4d06cc]"
time="2021-01-27T23:31:20-08:00" level=info msg="==========================="
time="2021-01-27T23:31:20-08:00" level=info msg="[02e0903a-3339-4b86-b524-e33a3f4d06cc] ACCESS_TOKEN length = 0"
time="2021-01-27T23:31:20-08:00" level=info msg="[02e0903a-3339-4b86-b524-e33a3f4d06cc] SYSTEM_SERVICE_URL = ''"
time="2021-01-27T23:31:20-08:00" level=info msg="[02e0903a-3339-4b86-b524-e33a3f4d06cc] AUDIT_SERVICE_URL = ''"
time="2021-01-27T23:31:20-08:00" level=info msg="[02e0903a-3339-4b86-b524-e33a3f4d06cc] REFRESHER_SERVICE_HOST = ''"
time="2021-01-27T23:31:20-08:00" level=info msg="[02e0903a-3339-4b86-b524-e33a3f4d06cc] REFRESHER_SERVICE_PORT = ''"
time="2021-01-27T23:31:20-08:00" level=info msg="==========================="
time="2021-01-27T23:34:49-08:00" level=info msg="[266f199e-6528-43c1-b6f9-d52643df1181] Shutting down"
time="2021-01-27T23:34:49-08:00" level=info msg="[02e0903a-3339-4b86-b524-e33a3f4d06cc] Shutting down"
time="2021-01-27T23:34:50-08:00" level=info msg="MAIN>> ============= Starting Teradata Kernel =============="
time="2021-01-27T23:34:50-08:00" level=info msg="Build ID = 2.1.0-ec10132020"
time="2021-01-27T23:34:50-08:00" level=info msg="Docker Mode =  standalone"
time="2021-01-27T23:34:50-08:00" level=info msg="JupyterLab root directory = "
time="2021-01-27T23:34:50-08:00" level=info msg="Teradata JupyterLab kernel config: /Users/alex.hoang/Library/Jupyter/runtime/kernel-266f199e-6528-43c1-b6f9-d52643df1181.json"
time="2021-01-27T23:34:50-08:00" level=info msg="DBViews =  ViewsVX"
time="2021-01-27T23:34:50-08:00" level=info msg="RunKernel, KERNEL ID [266f199e-6528-43c1-b6f9-d52643df1181]"
time="2021-01-27T23:34:50-08:00" level=info msg="==========================="
time="2021-01-27T23:34:50-08:00" level=info msg="[266f199e-6528-43c1-b6f9-d52643df1181] ACCESS_TOKEN length = 0"
time="2021-01-27T23:34:50-08:00" level=info msg="[266f199e-6528-43c1-b6f9-d52643df1181] SYSTEM_SERVICE_URL = ''"
time="2021-01-27T23:34:50-08:00" level=info msg="[266f199e-6528-43c1-b6f9-d52643df1181] AUDIT_SERVICE_URL = ''"
time="2021-01-27T23:34:50-08:00" level=info msg="[266f199e-6528-43c1-b6f9-d52643df1181] REFRESHER_SERVICE_HOST = ''"
time="2021-01-27T23:34:50-08:00" level=info msg="[266f199e-6528-43c1-b6f9-d52643df1181] REFRESHER_SERVICE_PORT = ''"
time="2021-01-27T23:34:50-08:00" level=info msg="==========================="
time="2021-01-28T09:26:09-08:00" level=info msg="MAIN>> ============= Starting Teradata Kernel =============="
time="2021-01-28T09:26:09-08:00" level=info msg="Build ID = 2.1.0-ec10132020"
time="2021-01-28T09:26:09-08:00" level=info msg="Docker Mode =  standalone"
time="2021-01-28T09:26:09-08:00" level=info msg="JupyterLab root directory = /Users/alex.hoang/Documents/GitHub/home/python"
time="2021-01-28T09:26:09-08:00" level=info msg="Teradata JupyterLab kernel config: /Users/alex.hoang/Library/Jupyter/runtime/kernel-48a4b36b-34b8-4235-b0da-916e2d233521.json"
time="2021-01-28T09:26:09-08:00" level=info msg="DBViews =  ViewsVX"
time="2021-01-28T09:26:09-08:00" level=info msg="RunKernel, KERNEL ID [48a4b36b-34b8-4235-b0da-916e2d233521]"
time="2021-01-28T09:26:09-08:00" level=info msg="==========================="
time="2021-01-28T09:26:09-08:00" level=info msg="[48a4b36b-34b8-4235-b0da-916e2d233521] ACCESS_TOKEN length = 0"
time="2021-01-28T09:26:09-08:00" level=info msg="[48a4b36b-34b8-4235-b0da-916e2d233521] SYSTEM_SERVICE_URL = ''"
time="2021-01-28T09:26:09-08:00" level=info msg="[48a4b36b-34b8-4235-b0da-916e2d233521] AUDIT_SERVICE_URL = ''"
time="2021-01-28T09:26:09-08:00" level=info msg="[48a4b36b-34b8-4235-b0da-916e2d233521] REFRESHER_SERVICE_HOST = ''"
time="2021-01-28T09:26:09-08:00" level=info msg="[48a4b36b-34b8-4235-b0da-916e2d233521] REFRESHER_SERVICE_PORT = ''"
time="2021-01-28T09:26:09-08:00" level=info msg="==========================="
time="2021-01-28T09:26:09-08:00" level=info msg="MAIN>> ============= Starting Teradata Kernel =============="
time="2021-01-28T09:26:09-08:00" level=info msg="Build ID = 2.1.0-ec10132020"
time="2021-01-28T09:26:09-08:00" level=info msg="Docker Mode =  standalone"
time="2021-01-28T09:26:09-08:00" level=info msg="JupyterLab root directory = /Users/alex.hoang/Documents/GitHub/home/python"
time="2021-01-28T09:26:09-08:00" level=info msg="Teradata JupyterLab kernel config: /Users/alex.hoang/Library/Jupyter/runtime/kernel-e36f2e69-54ed-4115-8a83-88b8c79ead6f.json"
time="2021-01-28T09:26:09-08:00" level=info msg="DBViews =  ViewsVX"
time="2021-01-28T09:26:09-08:00" level=info msg="RunKernel, KERNEL ID [e36f2e69-54ed-4115-8a83-88b8c79ead6f]"
time="2021-01-28T09:26:09-08:00" level=info msg="==========================="
time="2021-01-28T09:26:09-08:00" level=info msg="[e36f2e69-54ed-4115-8a83-88b8c79ead6f] ACCESS_TOKEN length = 0"
time="2021-01-28T09:26:09-08:00" level=info msg="[e36f2e69-54ed-4115-8a83-88b8c79ead6f] SYSTEM_SERVICE_URL = ''"
time="2021-01-28T09:26:09-08:00" level=info msg="[e36f2e69-54ed-4115-8a83-88b8c79ead6f] AUDIT_SERVICE_URL = ''"
time="2021-01-28T09:26:09-08:00" level=info msg="[e36f2e69-54ed-4115-8a83-88b8c79ead6f] REFRESHER_SERVICE_HOST = ''"
time="2021-01-28T09:26:09-08:00" level=info msg="[e36f2e69-54ed-4115-8a83-88b8c79ead6f] REFRESHER_SERVICE_PORT = ''"
time="2021-01-28T09:26:09-08:00" level=info msg="==========================="
time="2021-01-29T02:11:51-08:00" level=info msg="[48a4b36b-34b8-4235-b0da-916e2d233521] Shutting down"
time="2021-01-29T02:11:51-08:00" level=info msg="[e36f2e69-54ed-4115-8a83-88b8c79ead6f] Shutting down"
time="2021-01-29T20:37:59-08:00" level=info msg="MAIN>> ============= Starting Teradata Kernel =============="
time="2021-01-29T20:37:59-08:00" level=info msg="Build ID = 2.1.0-ec10132020"
time="2021-01-29T20:37:59-08:00" level=info msg="Docker Mode =  standalone"
time="2021-01-29T20:37:59-08:00" level=info msg="JupyterLab root directory = /Users/alex.hoang/Documents/GitHub/home/python"
time="2021-01-29T20:37:59-08:00" level=info msg="Teradata JupyterLab kernel config: /Users/alex.hoang/Library/Jupyter/runtime/kernel-7eba7e95-28d1-45ce-9e64-ec7b491630cb.json"
time="2021-01-29T20:37:59-08:00" level=info msg="DBViews =  ViewsVX"
time="2021-01-29T20:37:59-08:00" level=info msg="RunKernel, KERNEL ID [7eba7e95-28d1-45ce-9e64-ec7b491630cb]"
time="2021-01-29T20:37:59-08:00" level=info msg="==========================="
time="2021-01-29T20:37:59-08:00" level=info msg="[7eba7e95-28d1-45ce-9e64-ec7b491630cb] ACCESS_TOKEN length = 0"
time="2021-01-29T20:37:59-08:00" level=info msg="[7eba7e95-28d1-45ce-9e64-ec7b491630cb] SYSTEM_SERVICE_URL = ''"
time="2021-01-29T20:37:59-08:00" level=info msg="[7eba7e95-28d1-45ce-9e64-ec7b491630cb] AUDIT_SERVICE_URL = ''"
time="2021-01-29T20:37:59-08:00" level=info msg="[7eba7e95-28d1-45ce-9e64-ec7b491630cb] REFRESHER_SERVICE_HOST = ''"
time="2021-01-29T20:37:59-08:00" level=info msg="[7eba7e95-28d1-45ce-9e64-ec7b491630cb] REFRESHER_SERVICE_PORT = ''"
time="2021-01-29T20:37:59-08:00" level=info msg="==========================="
time="2021-01-29T20:38:01-08:00" level=info msg="MAIN>> ============= Starting Teradata Kernel =============="
time="2021-01-29T20:38:01-08:00" level=info msg="Build ID = 2.1.0-ec10132020"
time="2021-01-29T20:38:01-08:00" level=info msg="Docker Mode =  standalone"
time="2021-01-29T20:38:01-08:00" level=info msg="JupyterLab root directory = /Users/alex.hoang/Documents/GitHub/home/python"
time="2021-01-29T20:38:01-08:00" level=info msg="Teradata JupyterLab kernel config: /Users/alex.hoang/Library/Jupyter/runtime/kernel-b2fcf71a-5e1c-4200-ac09-005536ff9c0d.json"
time="2021-01-29T20:38:01-08:00" level=info msg="DBViews =  ViewsVX"
time="2021-01-29T20:38:01-08:00" level=info msg="RunKernel, KERNEL ID [b2fcf71a-5e1c-4200-ac09-005536ff9c0d]"
time="2021-01-29T20:38:01-08:00" level=info msg="==========================="
time="2021-01-29T20:38:01-08:00" level=info msg="[b2fcf71a-5e1c-4200-ac09-005536ff9c0d] ACCESS_TOKEN length = 0"
time="2021-01-29T20:38:01-08:00" level=info msg="[b2fcf71a-5e1c-4200-ac09-005536ff9c0d] SYSTEM_SERVICE_URL = ''"
time="2021-01-29T20:38:01-08:00" level=info msg="[b2fcf71a-5e1c-4200-ac09-005536ff9c0d] AUDIT_SERVICE_URL = ''"
time="2021-01-29T20:38:01-08:00" level=info msg="[b2fcf71a-5e1c-4200-ac09-005536ff9c0d] REFRESHER_SERVICE_HOST = ''"
time="2021-01-29T20:38:01-08:00" level=info msg="[b2fcf71a-5e1c-4200-ac09-005536ff9c0d] REFRESHER_SERVICE_PORT = ''"
time="2021-01-29T20:38:01-08:00" level=info msg="==========================="
time="2021-01-29T21:09:15-08:00" level=info msg="[7eba7e95-28d1-45ce-9e64-ec7b491630cb] Shutting down"
time="2021-01-29T21:09:15-08:00" level=info msg="[b2fcf71a-5e1c-4200-ac09-005536ff9c0d] Shutting down"
time="2021-01-29T21:09:26-08:00" level=info msg="MAIN>> ============= Starting Teradata Kernel =============="
time="2021-01-29T21:09:26-08:00" level=info msg="Build ID = 2.1.0-ec10132020"
time="2021-01-29T21:09:26-08:00" level=info msg="Docker Mode =  standalone"
time="2021-01-29T21:09:26-08:00" level=info msg="JupyterLab root directory = /Users/alex.hoang/Documents/GitHub/home/python"
time="2021-01-29T21:09:26-08:00" level=info msg="Teradata JupyterLab kernel config: /Users/alex.hoang/Library/Jupyter/runtime/kernel-6b7922e0-e4fe-430c-95c2-671badd86c4a.json"
time="2021-01-29T21:09:26-08:00" level=info msg="DBViews =  ViewsVX"
time="2021-01-29T21:09:26-08:00" level=info msg="RunKernel, KERNEL ID [6b7922e0-e4fe-430c-95c2-671badd86c4a]"
time="2021-01-29T21:09:26-08:00" level=info msg="==========================="
time="2021-01-29T21:09:26-08:00" level=info msg="[6b7922e0-e4fe-430c-95c2-671badd86c4a] ACCESS_TOKEN length = 0"
time="2021-01-29T21:09:26-08:00" level=info msg="[6b7922e0-e4fe-430c-95c2-671badd86c4a] SYSTEM_SERVICE_URL = ''"
time="2021-01-29T21:09:26-08:00" level=info msg="[6b7922e0-e4fe-430c-95c2-671badd86c4a] AUDIT_SERVICE_URL = ''"
time="2021-01-29T21:09:26-08:00" level=info msg="[6b7922e0-e4fe-430c-95c2-671badd86c4a] REFRESHER_SERVICE_HOST = ''"
time="2021-01-29T21:09:26-08:00" level=info msg="[6b7922e0-e4fe-430c-95c2-671badd86c4a] REFRESHER_SERVICE_PORT = ''"
time="2021-01-29T21:09:26-08:00" level=info msg="==========================="
time="2021-01-29T21:09:27-08:00" level=info msg="MAIN>> ============= Starting Teradata Kernel =============="
time="2021-01-29T21:09:27-08:00" level=info msg="Build ID = 2.1.0-ec10132020"
time="2021-01-29T21:09:27-08:00" level=info msg="Docker Mode =  standalone"
time="2021-01-29T21:09:27-08:00" level=info msg="JupyterLab root directory = /Users/alex.hoang/Documents/GitHub/home/python"
time="2021-01-29T21:09:27-08:00" level=info msg="Teradata JupyterLab kernel config: /Users/alex.hoang/Library/Jupyter/runtime/kernel-fe2478c7-a575-4f26-b720-c441d1496c5c.json"
time="2021-01-29T21:09:27-08:00" level=info msg="DBViews =  ViewsVX"
time="2021-01-29T21:09:27-08:00" level=info msg="RunKernel, KERNEL ID [fe2478c7-a575-4f26-b720-c441d1496c5c]"
time="2021-01-29T21:09:27-08:00" level=info msg="==========================="
time="2021-01-29T21:09:27-08:00" level=info msg="[fe2478c7-a575-4f26-b720-c441d1496c5c] ACCESS_TOKEN length = 0"
time="2021-01-29T21:09:27-08:00" level=info msg="[fe2478c7-a575-4f26-b720-c441d1496c5c] SYSTEM_SERVICE_URL = ''"
time="2021-01-29T21:09:27-08:00" level=info msg="[fe2478c7-a575-4f26-b720-c441d1496c5c] AUDIT_SERVICE_URL = ''"
time="2021-01-29T21:09:27-08:00" level=info msg="[fe2478c7-a575-4f26-b720-c441d1496c5c] REFRESHER_SERVICE_HOST = ''"
time="2021-01-29T21:09:27-08:00" level=info msg="[fe2478c7-a575-4f26-b720-c441d1496c5c] REFRESHER_SERVICE_PORT = ''"
time="2021-01-29T21:09:27-08:00" level=info msg="==========================="
time="2021-01-30T23:32:58-08:00" level=info msg="[6b7922e0-e4fe-430c-95c2-671badd86c4a] Shutting down"
time="2021-01-30T23:32:58-08:00" level=info msg="[fe2478c7-a575-4f26-b720-c441d1496c5c] Shutting down"
time="2021-01-30T23:32:59-08:00" level=info msg="MAIN>> ============= Starting Teradata Kernel =============="
time="2021-01-30T23:32:59-08:00" level=info msg="Build ID = 2.1.0-ec10132020"
time="2021-01-30T23:32:59-08:00" level=info msg="Docker Mode =  standalone"
time="2021-01-30T23:32:59-08:00" level=info msg="JupyterLab root directory = "
time="2021-01-30T23:32:59-08:00" level=info msg="Teradata JupyterLab kernel config: /Users/alex.hoang/Library/Jupyter/runtime/kernel-6b7922e0-e4fe-430c-95c2-671badd86c4a.json"
time="2021-01-30T23:32:59-08:00" level=info msg="DBViews =  ViewsVX"
time="2021-01-30T23:32:59-08:00" level=info msg="RunKernel, KERNEL ID [6b7922e0-e4fe-430c-95c2-671badd86c4a]"
time="2021-01-30T23:32:59-08:00" level=info msg="==========================="
time="2021-01-30T23:32:59-08:00" level=info msg="[6b7922e0-e4fe-430c-95c2-671badd86c4a] ACCESS_TOKEN length = 0"
time="2021-01-30T23:32:59-08:00" level=info msg="[6b7922e0-e4fe-430c-95c2-671badd86c4a] SYSTEM_SERVICE_URL = ''"
time="2021-01-30T23:32:59-08:00" level=info msg="[6b7922e0-e4fe-430c-95c2-671badd86c4a] AUDIT_SERVICE_URL = ''"
time="2021-01-30T23:32:59-08:00" level=info msg="[6b7922e0-e4fe-430c-95c2-671badd86c4a] REFRESHER_SERVICE_HOST = ''"
time="2021-01-30T23:32:59-08:00" level=info msg="[6b7922e0-e4fe-430c-95c2-671badd86c4a] REFRESHER_SERVICE_PORT = ''"
time="2021-01-30T23:32:59-08:00" level=info msg="==========================="
time="2021-02-06T21:58:03-08:00" level=info msg="MAIN>> ============= Starting Teradata Kernel =============="
time="2021-02-06T21:58:03-08:00" level=info msg="Build ID = 2.1.0-ec10132020"
time="2021-02-06T21:58:03-08:00" level=info msg="Docker Mode =  standalone"
time="2021-02-06T21:58:03-08:00" level=info msg="JupyterLab root directory = /Users/alex.hoang/Documents/GitHub/home/python"
time="2021-02-06T21:58:03-08:00" level=info msg="Teradata JupyterLab kernel config: /Users/alex.hoang/Library/Jupyter/runtime/kernel-4f981adb-936b-4b82-a808-8231e36dbab3.json"
time="2021-02-06T21:58:03-08:00" level=info msg="DBViews =  ViewsVX"
time="2021-02-06T21:58:03-08:00" level=info msg="RunKernel, KERNEL ID [4f981adb-936b-4b82-a808-8231e36dbab3]"
time="2021-02-06T21:58:03-08:00" level=info msg="==========================="
time="2021-02-06T21:58:03-08:00" level=info msg="[4f981adb-936b-4b82-a808-8231e36dbab3] ACCESS_TOKEN length = 0"
time="2021-02-06T21:58:03-08:00" level=info msg="[4f981adb-936b-4b82-a808-8231e36dbab3] SYSTEM_SERVICE_URL = ''"
time="2021-02-06T21:58:03-08:00" level=info msg="[4f981adb-936b-4b82-a808-8231e36dbab3] AUDIT_SERVICE_URL = ''"
time="2021-02-06T21:58:03-08:00" level=info msg="[4f981adb-936b-4b82-a808-8231e36dbab3] REFRESHER_SERVICE_HOST = ''"
time="2021-02-06T21:58:03-08:00" level=info msg="[4f981adb-936b-4b82-a808-8231e36dbab3] REFRESHER_SERVICE_PORT = ''"
time="2021-02-06T21:58:03-08:00" level=info msg="==========================="
time="2021-02-06T21:58:05-08:00" level=info msg="MAIN>> ============= Starting Teradata Kernel =============="
time="2021-02-06T21:58:05-08:00" level=info msg="Build ID = 2.1.0-ec10132020"
time="2021-02-06T21:58:05-08:00" level=info msg="Docker Mode =  standalone"
time="2021-02-06T21:58:05-08:00" level=info msg="JupyterLab root directory = /Users/alex.hoang/Documents/GitHub/home/python"
time="2021-02-06T21:58:05-08:00" level=info msg="Teradata JupyterLab kernel config: /Users/alex.hoang/Library/Jupyter/runtime/kernel-de86d087-177c-4805-a28c-595494c7cecd.json"
time="2021-02-06T21:58:05-08:00" level=info msg="DBViews =  ViewsVX"
time="2021-02-06T21:58:05-08:00" level=info msg="RunKernel, KERNEL ID [de86d087-177c-4805-a28c-595494c7cecd]"
time="2021-02-06T21:58:05-08:00" level=info msg="==========================="
time="2021-02-06T21:58:05-08:00" level=info msg="[de86d087-177c-4805-a28c-595494c7cecd] ACCESS_TOKEN length = 0"
time="2021-02-06T21:58:05-08:00" level=info msg="[de86d087-177c-4805-a28c-595494c7cecd] SYSTEM_SERVICE_URL = ''"
time="2021-02-06T21:58:05-08:00" level=info msg="[de86d087-177c-4805-a28c-595494c7cecd] AUDIT_SERVICE_URL = ''"
time="2021-02-06T21:58:05-08:00" level=info msg="[de86d087-177c-4805-a28c-595494c7cecd] REFRESHER_SERVICE_HOST = ''"
time="2021-02-06T21:58:05-08:00" level=info msg="[de86d087-177c-4805-a28c-595494c7cecd] REFRESHER_SERVICE_PORT = ''"
time="2021-02-06T21:58:05-08:00" level=info msg="==========================="
time="2021-02-06T22:44:24-08:00" level=info msg="MAIN>> ============= Starting Teradata Kernel =============="
time="2021-02-06T22:44:24-08:00" level=info msg="Build ID = 2.1.0-ec10132020"
time="2021-02-06T22:44:24-08:00" level=info msg="Docker Mode =  standalone"
time="2021-02-06T22:44:24-08:00" level=info msg="JupyterLab root directory = /Users/alex.hoang/Documents/GitHub/home/python"
time="2021-02-06T22:44:24-08:00" level=info msg="Teradata JupyterLab kernel config: /Users/alex.hoang/Library/Jupyter/runtime/kernel-12faf9c4-0eb0-45d7-89cb-ff062da88a71.json"
time="2021-02-06T22:44:24-08:00" level=info msg="DBViews =  ViewsVX"
time="2021-02-06T22:44:24-08:00" level=info msg="RunKernel, KERNEL ID [12faf9c4-0eb0-45d7-89cb-ff062da88a71]"
time="2021-02-06T22:44:24-08:00" level=info msg="==========================="
time="2021-02-06T22:44:24-08:00" level=info msg="[12faf9c4-0eb0-45d7-89cb-ff062da88a71] ACCESS_TOKEN length = 0"
time="2021-02-06T22:44:24-08:00" level=info msg="[12faf9c4-0eb0-45d7-89cb-ff062da88a71] SYSTEM_SERVICE_URL = ''"
time="2021-02-06T22:44:24-08:00" level=info msg="[12faf9c4-0eb0-45d7-89cb-ff062da88a71] AUDIT_SERVICE_URL = ''"
time="2021-02-06T22:44:24-08:00" level=info msg="[12faf9c4-0eb0-45d7-89cb-ff062da88a71] REFRESHER_SERVICE_HOST = ''"
time="2021-02-06T22:44:24-08:00" level=info msg="[12faf9c4-0eb0-45d7-89cb-ff062da88a71] REFRESHER_SERVICE_PORT = ''"
time="2021-02-06T22:44:24-08:00" level=info msg="==========================="
time="2021-02-06T22:44:25-08:00" level=info msg="MAIN>> ============= Starting Teradata Kernel =============="
time="2021-02-06T22:44:25-08:00" level=info msg="Build ID = 2.1.0-ec10132020"
time="2021-02-06T22:44:25-08:00" level=info msg="Docker Mode =  standalone"
time="2021-02-06T22:44:25-08:00" level=info msg="JupyterLab root directory = /Users/alex.hoang/Documents/GitHub/home/python"
time="2021-02-06T22:44:25-08:00" level=info msg="Teradata JupyterLab kernel config: /Users/alex.hoang/Library/Jupyter/runtime/kernel-3f23617b-80b8-46a0-a9aa-44cb1262cf8d.json"
time="2021-02-06T22:44:25-08:00" level=info msg="DBViews =  ViewsVX"
time="2021-02-06T22:44:25-08:00" level=info msg="RunKernel, KERNEL ID [3f23617b-80b8-46a0-a9aa-44cb1262cf8d]"
time="2021-02-06T22:44:25-08:00" level=info msg="==========================="
time="2021-02-06T22:44:25-08:00" level=info msg="[3f23617b-80b8-46a0-a9aa-44cb1262cf8d] ACCESS_TOKEN length = 0"
time="2021-02-06T22:44:25-08:00" level=info msg="[3f23617b-80b8-46a0-a9aa-44cb1262cf8d] SYSTEM_SERVICE_URL = ''"
time="2021-02-06T22:44:25-08:00" level=info msg="[3f23617b-80b8-46a0-a9aa-44cb1262cf8d] AUDIT_SERVICE_URL = ''"
time="2021-02-06T22:44:25-08:00" level=info msg="[3f23617b-80b8-46a0-a9aa-44cb1262cf8d] REFRESHER_SERVICE_HOST = ''"
time="2021-02-06T22:44:25-08:00" level=info msg="[3f23617b-80b8-46a0-a9aa-44cb1262cf8d] REFRESHER_SERVICE_PORT = ''"
time="2021-02-06T22:44:25-08:00" level=info msg="==========================="
time="2021-02-07T15:30:03-08:00" level=info msg="[4f981adb-936b-4b82-a808-8231e36dbab3] Shutting down"
time="2021-02-07T15:30:03-08:00" level=info msg="[de86d087-177c-4805-a28c-595494c7cecd] Shutting down"
time="2021-02-07T15:30:03-08:00" level=info msg="[12faf9c4-0eb0-45d7-89cb-ff062da88a71] Shutting down"
time="2021-02-07T15:30:08-08:00" level=info msg="MAIN>> ============= Starting Teradata Kernel =============="
time="2021-02-07T15:30:08-08:00" level=info msg="Build ID = 2.1.0-ec10132020"
time="2021-02-07T15:30:08-08:00" level=info msg="MAIN>> ============= Starting Teradata Kernel =============="
time="2021-02-07T15:30:08-08:00" level=info msg="Docker Mode =  standalone"
time="2021-02-07T15:30:08-08:00" level=info msg="Build ID = 2.1.0-ec10132020"
time="2021-02-07T15:30:08-08:00" level=info msg="JupyterLab root directory = "
time="2021-02-07T15:30:08-08:00" level=info msg="Docker Mode =  standalone"
time="2021-02-07T15:30:08-08:00" level=info msg="JupyterLab root directory = "
time="2021-02-07T15:30:08-08:00" level=info msg="Teradata JupyterLab kernel config: /Users/alex.hoang/Library/Jupyter/runtime/kernel-4f981adb-936b-4b82-a808-8231e36dbab3.json"
time="2021-02-07T15:30:08-08:00" level=info msg="Teradata JupyterLab kernel config: /Users/alex.hoang/Library/Jupyter/runtime/kernel-12faf9c4-0eb0-45d7-89cb-ff062da88a71.json"
time="2021-02-07T15:30:08-08:00" level=error msg="Unable to unmarshal kinfo file: unexpected end of JSON input"
time="2021-02-07T15:30:08-08:00" level=error msg="Unable to unmarshal kinfo file: unexpected end of JSON input"
time="2021-02-07T15:30:08-08:00" level=info msg="DBViews =  ViewsVX"
time="2021-02-07T15:30:08-08:00" level=info msg="RunKernel, KERNEL ID [4f981adb-936b-4b82-a808-8231e36dbab3]"
time="2021-02-07T15:30:08-08:00" level=info msg="==========================="
time="2021-02-07T15:30:08-08:00" level=info msg="[4f981adb-936b-4b82-a808-8231e36dbab3] ACCESS_TOKEN length = 0"
time="2021-02-07T15:30:08-08:00" level=info msg="[4f981adb-936b-4b82-a808-8231e36dbab3] SYSTEM_SERVICE_URL = ''"
time="2021-02-07T15:30:08-08:00" level=info msg="[4f981adb-936b-4b82-a808-8231e36dbab3] AUDIT_SERVICE_URL = ''"
time="2021-02-07T15:30:08-08:00" level=info msg="[4f981adb-936b-4b82-a808-8231e36dbab3] REFRESHER_SERVICE_HOST = ''"
time="2021-02-07T15:30:08-08:00" level=info msg="[4f981adb-936b-4b82-a808-8231e36dbab3] REFRESHER_SERVICE_PORT = ''"
time="2021-02-07T15:30:08-08:00" level=info msg="==========================="
time="2021-02-07T15:30:08-08:00" level=info msg="DBViews =  ViewsVX"
time="2021-02-07T15:30:08-08:00" level=info msg="RunKernel, KERNEL ID [12faf9c4-0eb0-45d7-89cb-ff062da88a71]"
time="2021-02-07T15:30:08-08:00" level=info msg="==========================="
time="2021-02-07T15:30:08-08:00" level=info msg="[12faf9c4-0eb0-45d7-89cb-ff062da88a71] ACCESS_TOKEN length = 0"
time="2021-02-07T15:30:08-08:00" level=info msg="[12faf9c4-0eb0-45d7-89cb-ff062da88a71] SYSTEM_SERVICE_URL = ''"
time="2021-02-07T15:30:08-08:00" level=info msg="[12faf9c4-0eb0-45d7-89cb-ff062da88a71] AUDIT_SERVICE_URL = ''"
time="2021-02-07T15:30:08-08:00" level=info msg="[12faf9c4-0eb0-45d7-89cb-ff062da88a71] REFRESHER_SERVICE_HOST = ''"
time="2021-02-07T15:30:08-08:00" level=info msg="[12faf9c4-0eb0-45d7-89cb-ff062da88a71] REFRESHER_SERVICE_PORT = ''"
time="2021-02-07T15:30:08-08:00" level=info msg="==========================="
time="2021-02-07T15:30:08-08:00" level=info msg="MAIN>> ============= Starting Teradata Kernel =============="
time="2021-02-07T15:30:08-08:00" level=info msg="Build ID = 2.1.0-ec10132020"
time="2021-02-07T15:30:08-08:00" level=info msg="Docker Mode =  standalone"
time="2021-02-07T15:30:08-08:00" level=info msg="JupyterLab root directory = "
time="2021-02-07T15:30:08-08:00" level=info msg="Teradata JupyterLab kernel config: /Users/alex.hoang/Library/Jupyter/runtime/kernel-3f23617b-80b8-46a0-a9aa-44cb1262cf8d.json"
time="2021-02-07T15:30:08-08:00" level=info msg="DBViews =  ViewsVX"
time="2021-02-07T15:30:08-08:00" level=info msg="RunKernel, KERNEL ID [3f23617b-80b8-46a0-a9aa-44cb1262cf8d]"
time="2021-02-07T15:30:08-08:00" level=info msg="==========================="
time="2021-02-07T15:30:08-08:00" level=info msg="[3f23617b-80b8-46a0-a9aa-44cb1262cf8d] ACCESS_TOKEN length = 0"
time="2021-02-07T15:30:08-08:00" level=info msg="[3f23617b-80b8-46a0-a9aa-44cb1262cf8d] SYSTEM_SERVICE_URL = ''"
time="2021-02-07T15:30:08-08:00" level=info msg="[3f23617b-80b8-46a0-a9aa-44cb1262cf8d] AUDIT_SERVICE_URL = ''"
time="2021-02-07T15:30:08-08:00" level=info msg="[3f23617b-80b8-46a0-a9aa-44cb1262cf8d] REFRESHER_SERVICE_HOST = ''"
time="2021-02-07T15:30:08-08:00" level=info msg="[3f23617b-80b8-46a0-a9aa-44cb1262cf8d] REFRESHER_SERVICE_PORT = ''"
time="2021-02-07T15:30:08-08:00" level=info msg="==========================="
time="2021-02-07T15:30:08-08:00" level=info msg="MAIN>> ============= Starting Teradata Kernel =============="
time="2021-02-07T15:30:08-08:00" level=info msg="Build ID = 2.1.0-ec10132020"
time="2021-02-07T15:30:08-08:00" level=info msg="Docker Mode =  standalone"
time="2021-02-07T15:30:08-08:00" level=info msg="JupyterLab root directory = "
time="2021-02-07T15:30:08-08:00" level=info msg="Teradata JupyterLab kernel config: /Users/alex.hoang/Library/Jupyter/runtime/kernel-de86d087-177c-4805-a28c-595494c7cecd.json"
time="2021-02-07T15:30:08-08:00" level=info msg="DBViews =  ViewsVX"
time="2021-02-07T15:30:08-08:00" level=info msg="RunKernel, KERNEL ID [de86d087-177c-4805-a28c-595494c7cecd]"
time="2021-02-07T15:30:08-08:00" level=info msg="==========================="
time="2021-02-07T15:30:08-08:00" level=info msg="[de86d087-177c-4805-a28c-595494c7cecd] ACCESS_TOKEN length = 0"
time="2021-02-07T15:30:08-08:00" level=info msg="[de86d087-177c-4805-a28c-595494c7cecd] SYSTEM_SERVICE_URL = ''"
time="2021-02-07T15:30:08-08:00" level=info msg="[de86d087-177c-4805-a28c-595494c7cecd] AUDIT_SERVICE_URL = ''"
time="2021-02-07T15:30:08-08:00" level=info msg="[de86d087-177c-4805-a28c-595494c7cecd] REFRESHER_SERVICE_HOST = ''"
time="2021-02-07T15:30:08-08:00" level=info msg="[de86d087-177c-4805-a28c-595494c7cecd] REFRESHER_SERVICE_PORT = ''"
time="2021-02-07T15:30:08-08:00" level=info msg="==========================="
